#
# There is insufficient memory for the Java Runtime Environment to continue.
# Native memory allocation (malloc) failed to allocate 1083056 bytes for Chunk::new
# Possible reasons:
#   The system is out of physical RAM or swap space
#   The process is running with CompressedOops enabled, and the Java Heap may be blocking the growth of the native heap
# Possible solutions:
#   Reduce memory load on the system
#   Increase physical memory or swap space
#   Check if swap backing store is full
#   Decrease Java heap size (-Xmx/-Xms)
#   Decrease number of Java threads
#   Decrease Java thread stack sizes (-Xss)
#   Set larger code cache with -XX:ReservedCodeCacheSize=
#   JVM is running with Unscaled Compressed Oops mode in which the Java heap is
#     placed in the first 4GB address space. The Java Heap base address is the
#     maximum limit for the native heap growth. Please use -XX:HeapBaseMinAddress
#     to set the Java Heap base and to place the Java Heap above 4GB virtual address.
# This output file may be truncated or incomplete.
#
#  Out of Memory Error (arena.cpp:189), pid=18664, tid=17092
#
# JRE version: OpenJDK Runtime Environment (17.0.6) (build 17.0.6+0-b2043.56-10027231)
# Java VM: OpenJDK 64-Bit Server VM (17.0.6+0-b2043.56-10027231, mixed mode, tiered, compressed oops, compressed class ptrs, g1 gc, windows-amd64)
# No core dump will be written. Minidumps are not enabled by default on client versions of Windows
#

---------------  S U M M A R Y ------------

Command Line: --add-opens=java.base/java.util=ALL-UNNAMED --add-opens=java.base/java.lang=ALL-UNNAMED --add-opens=java.base/java.lang.invoke=ALL-UNNAMED --add-opens=java.base/java.util=ALL-UNNAMED --add-opens=java.prefs/java.util.prefs=ALL-UNNAMED --add-opens=java.prefs/java.util.prefs=ALL-UNNAMED --add-opens=java.base/java.nio.charset=ALL-UNNAMED --add-opens=java.base/java.net=ALL-UNNAMED --add-opens=java.base/java.util.concurrent.atomic=ALL-UNNAMED -Xmx2048m -Dfile.encoding=UTF-8 -Duser.country=CN -Duser.language=zh -Duser.variant org.gradle.launcher.daemon.bootstrap.GradleDaemon 7.2

Host: AMD Ryzen 7 5800H with Radeon Graphics         , 16 cores, 15G,  Windows 11 , 64 bit Build 22621 (10.0.22621.2428)
Time: Fri Oct 27 10:40:31 2023  Windows 11 , 64 bit Build 22621 (10.0.22621.2428) elapsed time: 6.646408 seconds (0d 0h 0m 6s)

---------------  T H R E A D  ---------------

Current thread (0x0000019f20a26ea0):  JavaThread "C2 CompilerThread2" daemon [_thread_in_native, id=17092, stack(0x00000011d0900000,0x00000011d0a00000)]


Current CompileTask:
C2:   6646 7608   !   4       com.sun.beans.TypeResolver::resolve (261 bytes)

Stack: [0x00000011d0900000,0x00000011d0a00000]
Native frames: (J=compiled Java code, j=interpreted, Vv=VM code, C=native code)
V  [jvm.dll+0x683c9a]
V  [jvm.dll+0x8427a4]
V  [jvm.dll+0x843f9e]
V  [jvm.dll+0x844603]
V  [jvm.dll+0x249b75]
V  [jvm.dll+0xabcac]
V  [jvm.dll+0xac27c]
V  [jvm.dll+0x2b0eef]
V  [jvm.dll+0x58a267]
V  [jvm.dll+0x2243b2]
V  [jvm.dll+0x22478f]
V  [jvm.dll+0x21e055]
V  [jvm.dll+0x21b51b]
V  [jvm.dll+0x1a4fdd]
V  [jvm.dll+0x22b098]
V  [jvm.dll+0x229159]
V  [jvm.dll+0x7f81ec]
V  [jvm.dll+0x7f274a]
V  [jvm.dll+0x682ad5]
C  [ucrtbase.dll+0x29363]
C  [KERNEL32.DLL+0x1257d]
C  [ntdll.dll+0x5aa78]


---------------  P R O C E S S  ---------------

Threads class SMR info:
_java_thread_list=0x0000019f224a1710, length=199, elements={
0x0000019f7f55e210, 0x0000019f1c8742a0, 0x0000019f1c8764f0, 0x0000019f1c87bae0,
0x0000019f1c8a6010, 0x0000019f1c8a6fe0, 0x0000019f1c8a7e60, 0x0000019f1c8eef80,
0x0000019f1c8f0ca0, 0x0000019f1c8f3980, 0x0000019f1ca4c600, 0x0000019f1ca513f0,
0x0000019f1ca8ad20, 0x0000019f1ca8b1f0, 0x0000019f1ce48290, 0x0000019f1cff1e60,
0x0000019f7f54bc10, 0x0000019f7f54ca80, 0x0000019f1e452400, 0x0000019f1e453c10,
0x0000019f1e4528d0, 0x0000019f1e4545b0, 0x0000019f1e454a80, 0x0000019f1e453740,
0x0000019f1e455420, 0x0000019f1e4540e0, 0x0000019f1e454f50, 0x0000019f1e452da0,
0x0000019f1e4558f0, 0x0000019f1e451f30, 0x0000019f20a26ea0, 0x0000019f20a22e00,
0x0000019f20a22930, 0x0000019f20a215f0, 0x0000019f20a21ac0, 0x0000019f20a21f90,
0x0000019f20a1f440, 0x0000019f20a21120, 0x0000019f20a1f910, 0x0000019f20a202b0,
0x0000019f21c43ad0, 0x0000019f21c45c80, 0x0000019f21c46150, 0x0000019f21c452e0,
0x0000019f21c46620, 0x0000019f21c43fa0, 0x0000019f21c457b0, 0x0000019f21c44470,
0x0000019f21c42c60, 0x0000019f21c44e10, 0x0000019f241703c0, 0x0000019f24172a40,
0x0000019f24172570, 0x0000019f24172f10, 0x0000019f241720a0, 0x0000019f2416dd40,
0x0000019f241733e0, 0x0000019f241738b0, 0x0000019f2416e6e0, 0x0000019f2416fa20,
0x0000019f24171bd0, 0x0000019f2416ebb0, 0x0000019f2416d870, 0x0000019f24171700,
0x0000019f2416f080, 0x0000019f2416e210, 0x0000019f2416fef0, 0x0000019f2416f550,
0x0000019f2416c530, 0x0000019f24170890, 0x0000019f2416c060, 0x0000019f2416ca00,
0x0000019f24170d60, 0x0000019f24171230, 0x0000019f2416ced0, 0x0000019f2416d3a0,
0x0000019f22acb250, 0x0000019f22ad0dc0, 0x0000019f22aca3e0, 0x0000019f22acc590,
0x0000019f22aca8b0, 0x0000019f22acec10, 0x0000019f22ad1290, 0x0000019f22ad08f0,
0x0000019f22ac9a40, 0x0000019f22ad0420, 0x0000019f22acff50, 0x0000019f22acc0c0,
0x0000019f22acad80, 0x0000019f22ace270, 0x0000019f22ac9f10, 0x0000019f22acb720,
0x0000019f22acbbf0, 0x0000019f22accf30, 0x0000019f22acca60, 0x0000019f22ace740,
0x0000019f22acd400, 0x0000019f22acd8d0, 0x0000019f22acdda0, 0x0000019f22acf0e0,
0x0000019f22acf5b0, 0x0000019f22acfa80, 0x0000019f22b13e30, 0x0000019f22b17cc0,
0x0000019f22b13960, 0x0000019f22b17320, 0x0000019f22b14ca0, 0x0000019f22b117b0,
0x0000019f22b15640, 0x0000019f22b12620, 0x0000019f22b112e0, 0x0000019f22b14300,
0x0000019f22b147d0, 0x0000019f22b15b10, 0x0000019f22b12150, 0x0000019f22b15fe0,
0x0000019f22b15170, 0x0000019f22b11c80, 0x0000019f22b18190, 0x0000019f22b12af0,
0x0000019f22b177f0, 0x0000019f22b164b0, 0x0000019f22b12fc0, 0x0000019f22b16980,
0x0000019f22b16e50, 0x0000019f22b13490, 0x0000019f22b18660, 0x0000019f22b18b30,
0x0000019f22a16440, 0x0000019f22a15f70, 0x0000019f22a16910, 0x0000019f22a12a80,
0x0000019f22a12f50, 0x0000019f22a13420, 0x0000019f22a16de0, 0x0000019f22a11c10,
0x0000019f22a120e0, 0x0000019f22a11270, 0x0000019f22a138f0, 0x0000019f22a18120,
0x0000019f22a172b0, 0x0000019f22a14760, 0x0000019f22a14c30, 0x0000019f22a108d0,
0x0000019f22a13dc0, 0x0000019f22a15100, 0x0000019f22a15aa0, 0x0000019f22a14290,
0x0000019f22a17c50, 0x0000019f22a125b0, 0x0000019f22a155d0, 0x0000019f22a17780,
0x0000019f22a10da0, 0x0000019f22a11740, 0x0000019f20857a60, 0x0000019f20858400,
0x0000019f208570c0, 0x0000019f20857590, 0x0000019f208553e0, 0x0000019f20854f10,
0x0000019f208540a0, 0x0000019f20859270, 0x0000019f20859740, 0x0000019f20855d80,
0x0000019f208588d0, 0x0000019f20854a40, 0x0000019f2085aa80, 0x0000019f208558b0,
0x0000019f20858da0, 0x0000019f2085af50, 0x0000019f20856250, 0x0000019f20854570,
0x0000019f20859c10, 0x0000019f20856720, 0x0000019f20857f30, 0x0000019f20856bf0,
0x0000019f2085a0e0, 0x0000019f2085a5b0, 0x0000019f2085b420, 0x0000019f2085b8f0,
0x0000019f240bd4a0, 0x0000019f240c0990, 0x0000019f240bbc90, 0x0000019f240bf650,
0x0000019f240bd970, 0x0000019f240be7e0, 0x0000019f240bde40, 0x0000019f240bf180,
0x0000019f240c1cd0, 0x0000019f240bfb20, 0x0000019f240bfff0, 0x0000019f240becb0,
0x0000019f240bae20, 0x0000019f240c04c0, 0x0000019f240be310, 0x0000019f240bb2f0,
0x0000019f240bb7c0, 0x0000019f240c0e60, 0x0000019f21da1b30
}

Java Threads: ( => current thread )
  0x0000019f7f55e210 JavaThread "main" [_thread_blocked, id=35116, stack(0x00000011cd500000,0x00000011cd600000)]
  0x0000019f1c8742a0 JavaThread "Reference Handler" daemon [_thread_blocked, id=10552, stack(0x00000011cdc00000,0x00000011cdd00000)]
  0x0000019f1c8764f0 JavaThread "Finalizer" daemon [_thread_blocked, id=3344, stack(0x00000011cdd00000,0x00000011cde00000)]
  0x0000019f1c87bae0 JavaThread "Signal Dispatcher" daemon [_thread_blocked, id=17648, stack(0x00000011cde00000,0x00000011cdf00000)]
  0x0000019f1c8a6010 JavaThread "Attach Listener" daemon [_thread_blocked, id=19600, stack(0x00000011cdf00000,0x00000011ce000000)]
  0x0000019f1c8a6fe0 JavaThread "Service Thread" daemon [_thread_blocked, id=28836, stack(0x00000011ce000000,0x00000011ce100000)]
  0x0000019f1c8a7e60 JavaThread "Monitor Deflation Thread" daemon [_thread_blocked, id=10308, stack(0x00000011ce100000,0x00000011ce200000)]
  0x0000019f1c8eef80 JavaThread "C2 CompilerThread0" daemon [_thread_in_native, id=20264, stack(0x00000011ce200000,0x00000011ce300000)]
  0x0000019f1c8f0ca0 JavaThread "C1 CompilerThread0" daemon [_thread_blocked, id=1604, stack(0x00000011ce300000,0x00000011ce400000)]
  0x0000019f1c8f3980 JavaThread "Sweeper thread" daemon [_thread_blocked, id=22364, stack(0x00000011ce400000,0x00000011ce500000)]
  0x0000019f1ca4c600 JavaThread "C1 CompilerThread1" daemon [_thread_blocked, id=34028, stack(0x00000011ce500000,0x00000011ce600000)]
  0x0000019f1ca513f0 JavaThread "C1 CompilerThread2" daemon [_thread_blocked, id=18876, stack(0x00000011ce600000,0x00000011ce700000)]
  0x0000019f1ca8ad20 JavaThread "Common-Cleaner" daemon [_thread_blocked, id=10680, stack(0x00000011ce700000,0x00000011ce800000)]
  0x0000019f1ca8b1f0 JavaThread "Notification Thread" daemon [_thread_blocked, id=15752, stack(0x00000011ce800000,0x00000011ce900000)]
  0x0000019f1ce48290 JavaThread "C2 CompilerThread1" daemon [_thread_in_native, id=34784, stack(0x00000011ceb00000,0x00000011cec00000)]
  0x0000019f1cff1e60 JavaThread "C1 CompilerThread3" daemon [_thread_blocked, id=30332, stack(0x00000011ced00000,0x00000011cee00000)]
  0x0000019f7f54bc10 JavaThread "Daemon health stats" [_thread_blocked, id=13544, stack(0x00000011cf200000,0x00000011cf300000)]
  0x0000019f7f54ca80 JavaThread "Incoming local TCP Connector on port 50797" [_thread_in_native, id=19232, stack(0x00000011cec00000,0x00000011ced00000)]
  0x0000019f1e452400 JavaThread "Daemon periodic checks" [_thread_blocked, id=36076, stack(0x00000011cf300000,0x00000011cf400000)]
  0x0000019f1e453c10 JavaThread "Daemon" [_thread_blocked, id=19392, stack(0x00000011cf400000,0x00000011cf500000)]
  0x0000019f1e4528d0 JavaThread "Handler for socket connection from /127.0.0.1:50797 to /127.0.0.1:50798" [_thread_in_native, id=18156, stack(0x00000011cf500000,0x00000011cf600000)]
  0x0000019f1e4545b0 JavaThread "Cancel handler" [_thread_blocked, id=28288, stack(0x00000011cf600000,0x00000011cf700000)]
  0x0000019f1e454a80 JavaThread "Daemon worker" [_thread_in_Java, id=12108, stack(0x00000011cf700000,0x00000011cf800000)]
  0x0000019f1e453740 JavaThread "Asynchronous log dispatcher for DefaultDaemonConnection: socket connection from /127.0.0.1:50797 to /127.0.0.1:50798" [_thread_blocked, id=27464, stack(0x00000011cf800000,0x00000011cf900000)]
  0x0000019f1e455420 JavaThread "Stdin handler" [_thread_blocked, id=4136, stack(0x00000011cf900000,0x00000011cfa00000)]
  0x0000019f1e4540e0 JavaThread "Daemon client event forwarder" [_thread_blocked, id=26696, stack(0x00000011cfa00000,0x00000011cfb00000)]
  0x0000019f1e454f50 JavaThread "Cache worker for journal cache (C:\Users\jntm\.gradle\caches\journal-1)" [_thread_blocked, id=19000, stack(0x00000011d0500000,0x00000011d0600000)]
  0x0000019f1e452da0 JavaThread "File lock request listener" [_thread_in_native, id=11840, stack(0x00000011d0600000,0x00000011d0700000)]
  0x0000019f1e4558f0 JavaThread "Cache worker for file hash cache (C:\Users\jntm\.gradle\caches\7.2\fileHashes)" [_thread_blocked, id=1660, stack(0x00000011d0700000,0x00000011d0800000)]
  0x0000019f1e451f30 JavaThread "Cache worker for file hash cache (D:\work\interview\kotlin_basic\.gradle\7.2\fileHashes)" [_thread_blocked, id=13352, stack(0x00000011d0800000,0x00000011d0900000)]
=>0x0000019f20a26ea0 JavaThread "C2 CompilerThread2" daemon [_thread_in_native, id=17092, stack(0x00000011d0900000,0x00000011d0a00000)]
  0x0000019f20a22e00 JavaThread "File watcher server" daemon [_thread_in_native, id=31156, stack(0x00000011d0b00000,0x00000011d0c00000)]
  0x0000019f20a22930 JavaThread "File watcher consumer" daemon [_thread_blocked, id=22044, stack(0x00000011d0c00000,0x00000011d0d00000)]
  0x0000019f20a215f0 JavaThread "Cache worker for checksums cache (D:\work\interview\kotlin_basic\.gradle\checksums)" [_thread_blocked, id=11260, stack(0x00000011d0d00000,0x00000011d0e00000)]
  0x0000019f20a21ac0 JavaThread "Cache worker for cache directory md-supplier (C:\Users\jntm\.gradle\caches\7.2\md-supplier)" [_thread_blocked, id=15412, stack(0x00000011d0e00000,0x00000011d0f00000)]
  0x0000019f20a21f90 JavaThread "Cache worker for cache directory md-rule (C:\Users\jntm\.gradle\caches\7.2\md-rule)" [_thread_blocked, id=15068, stack(0x00000011d0f00000,0x00000011d1000000)]
  0x0000019f20a1f440 JavaThread "Cache worker for execution history cache (C:\Users\jntm\.gradle\caches\7.2\executionHistory)" [_thread_blocked, id=7296, stack(0x00000011d1000000,0x00000011d1100000)]
  0x0000019f20a21120 JavaThread "jar transforms" [_thread_blocked, id=21376, stack(0x00000011d1100000,0x00000011d1200000)]
  0x0000019f20a1f910 JavaThread "jar transforms Thread 2" [_thread_blocked, id=18312, stack(0x00000011d1200000,0x00000011d1300000)]
  0x0000019f20a202b0 JavaThread "Cache worker for file content cache (C:\Users\jntm\.gradle\caches\7.2\fileContent)" [_thread_blocked, id=29716, stack(0x00000011d1700000,0x00000011d1800000)]
  0x0000019f21c43ad0 JavaThread "jar transforms Thread 3" [_thread_blocked, id=21224, stack(0x00000011d1800000,0x00000011d1900000)]
  0x0000019f21c45c80 JavaThread "jar transforms Thread 4" [_thread_blocked, id=34424, stack(0x00000011d1900000,0x00000011d1a00000)]
  0x0000019f21c46150 JavaThread "jar transforms Thread 5" [_thread_blocked, id=31424, stack(0x00000011d1a00000,0x00000011d1b00000)]
  0x0000019f21c452e0 JavaThread "jar transforms Thread 6" [_thread_blocked, id=31124, stack(0x00000011d1b00000,0x00000011d1c00000)]
  0x0000019f21c46620 JavaThread "jar transforms Thread 7" [_thread_blocked, id=13176, stack(0x00000011d1c00000,0x00000011d1d00000)]
  0x0000019f21c43fa0 JavaThread "jar transforms Thread 8" [_thread_blocked, id=24436, stack(0x00000011d1d00000,0x00000011d1e00000)]
  0x0000019f21c457b0 JavaThread "Cache worker for dependencies-accessors (D:\work\interview\kotlin_basic\.gradle\7.2\dependencies-accessors)" [_thread_blocked, id=35532, stack(0x00000011d1e00000,0x00000011d1f00000)]
  0x0000019f21c44470 JavaThread "jar transforms Thread 9" [_thread_blocked, id=10944, stack(0x00000011d1f00000,0x00000011d2000000)]
  0x0000019f21c42c60 JavaThread "Cache worker for Build Output Cleanup Cache (D:\work\interview\kotlin_basic\.gradle\buildOutputCleanup)" [_thread_blocked, id=25460, stack(0x00000011d1600000,0x00000011d1700000)]
  0x0000019f21c44e10 JavaThread "Unconstrained build operations" [_thread_blocked, id=19620, stack(0x00000011d2000000,0x00000011d2100000)]
  0x0000019f241703c0 JavaThread "Unconstrained build operations Thread 2" [_thread_blocked, id=13284, stack(0x00000011d2100000,0x00000011d2200000)]
  0x0000019f24172a40 JavaThread "Unconstrained build operations Thread 3" [_thread_blocked, id=12016, stack(0x00000011d2200000,0x00000011d2300000)]
  0x0000019f24172570 JavaThread "Unconstrained build operations Thread 4" [_thread_blocked, id=27676, stack(0x00000011d2300000,0x00000011d2400000)]
  0x0000019f24172f10 JavaThread "Unconstrained build operations Thread 5" [_thread_blocked, id=23704, stack(0x00000011d2400000,0x00000011d2500000)]
  0x0000019f241720a0 JavaThread "Unconstrained build operations Thread 6" [_thread_blocked, id=34848, stack(0x00000011d2500000,0x00000011d2600000)]
  0x0000019f2416dd40 JavaThread "Unconstrained build operations Thread 7" [_thread_blocked, id=29840, stack(0x00000011d2600000,0x00000011d2700000)]
  0x0000019f241733e0 JavaThread "Unconstrained build operations Thread 8" [_thread_blocked, id=13372, stack(0x00000011d2700000,0x00000011d2800000)]
  0x0000019f241738b0 JavaThread "Unconstrained build operations Thread 9" [_thread_blocked, id=29048, stack(0x00000011d2800000,0x00000011d2900000)]
  0x0000019f2416e6e0 JavaThread "Unconstrained build operations Thread 10" [_thread_blocked, id=26764, stack(0x00000011d2900000,0x00000011d2a00000)]
  0x0000019f2416fa20 JavaThread "Unconstrained build operations Thread 11" [_thread_blocked, id=32552, stack(0x00000011d2a00000,0x00000011d2b00000)]
  0x0000019f24171bd0 JavaThread "Unconstrained build operations Thread 12" [_thread_blocked, id=18672, stack(0x00000011d2b00000,0x00000011d2c00000)]
  0x0000019f2416ebb0 JavaThread "Unconstrained build operations Thread 13" [_thread_blocked, id=4128, stack(0x00000011d2c00000,0x00000011d2d00000)]
  0x0000019f2416d870 JavaThread "Unconstrained build operations Thread 14" [_thread_blocked, id=22900, stack(0x00000011d2d00000,0x00000011d2e00000)]
  0x0000019f24171700 JavaThread "Unconstrained build operations Thread 15" [_thread_blocked, id=3364, stack(0x00000011d2e00000,0x00000011d2f00000)]
  0x0000019f2416f080 JavaThread "Unconstrained build operations Thread 16" [_thread_blocked, id=18220, stack(0x00000011d2f00000,0x00000011d3000000)]
  0x0000019f2416e210 JavaThread "Unconstrained build operations Thread 17" [_thread_blocked, id=36756, stack(0x00000011d3000000,0x00000011d3100000)]
  0x0000019f2416fef0 JavaThread "Unconstrained build operations Thread 18" [_thread_blocked, id=8956, stack(0x00000011d3100000,0x00000011d3200000)]
  0x0000019f2416f550 JavaThread "Unconstrained build operations Thread 19" [_thread_blocked, id=22548, stack(0x00000011d3200000,0x00000011d3300000)]
  0x0000019f2416c530 JavaThread "Unconstrained build operations Thread 20" [_thread_blocked, id=14296, stack(0x00000011d3300000,0x00000011d3400000)]
  0x0000019f24170890 JavaThread "Unconstrained build operations Thread 21" [_thread_blocked, id=15116, stack(0x00000011d3400000,0x00000011d3500000)]
  0x0000019f2416c060 JavaThread "Unconstrained build operations Thread 22" [_thread_blocked, id=20748, stack(0x00000011d3500000,0x00000011d3600000)]
  0x0000019f2416ca00 JavaThread "Unconstrained build operations Thread 23" [_thread_blocked, id=27584, stack(0x00000011d3600000,0x00000011d3700000)]
  0x0000019f24170d60 JavaThread "Unconstrained build operations Thread 24" [_thread_blocked, id=34900, stack(0x00000011d3700000,0x00000011d3800000)]
  0x0000019f24171230 JavaThread "Unconstrained build operations Thread 25" [_thread_blocked, id=15664, stack(0x00000011d3800000,0x00000011d3900000)]
  0x0000019f2416ced0 JavaThread "Unconstrained build operations Thread 26" [_thread_blocked, id=27868, stack(0x00000011d3900000,0x00000011d3a00000)]
  0x0000019f2416d3a0 JavaThread "Unconstrained build operations Thread 27" [_thread_blocked, id=21272, stack(0x00000011d3a00000,0x00000011d3b00000)]
  0x0000019f22acb250 JavaThread "Unconstrained build operations Thread 28" [_thread_blocked, id=2768, stack(0x00000011d3b00000,0x00000011d3c00000)]
  0x0000019f22ad0dc0 JavaThread "Unconstrained build operations Thread 29" [_thread_blocked, id=30704, stack(0x00000011d3c00000,0x00000011d3d00000)]
  0x0000019f22aca3e0 JavaThread "Unconstrained build operations Thread 30" [_thread_blocked, id=16644, stack(0x00000011d3d00000,0x00000011d3e00000)]
  0x0000019f22acc590 JavaThread "Unconstrained build operations Thread 31" [_thread_blocked, id=32776, stack(0x00000011d3e00000,0x00000011d3f00000)]
  0x0000019f22aca8b0 JavaThread "Unconstrained build operations Thread 32" [_thread_blocked, id=32440, stack(0x00000011d3f00000,0x00000011d4000000)]
  0x0000019f22acec10 JavaThread "Unconstrained build operations Thread 33" [_thread_blocked, id=36352, stack(0x00000011d4000000,0x00000011d4100000)]
  0x0000019f22ad1290 JavaThread "Unconstrained build operations Thread 34" [_thread_blocked, id=19272, stack(0x00000011d4100000,0x00000011d4200000)]
  0x0000019f22ad08f0 JavaThread "Unconstrained build operations Thread 35" [_thread_blocked, id=7512, stack(0x00000011d4200000,0x00000011d4300000)]
  0x0000019f22ac9a40 JavaThread "Unconstrained build operations Thread 36" [_thread_blocked, id=6400, stack(0x00000011d4300000,0x00000011d4400000)]
  0x0000019f22ad0420 JavaThread "Unconstrained build operations Thread 37" [_thread_blocked, id=33108, stack(0x00000011d4400000,0x00000011d4500000)]
  0x0000019f22acff50 JavaThread "Unconstrained build operations Thread 38" [_thread_blocked, id=12516, stack(0x00000011d4500000,0x00000011d4600000)]
  0x0000019f22acc0c0 JavaThread "Unconstrained build operations Thread 39" [_thread_blocked, id=33520, stack(0x00000011d4600000,0x00000011d4700000)]
  0x0000019f22acad80 JavaThread "Unconstrained build operations Thread 40" [_thread_blocked, id=34632, stack(0x00000011d4700000,0x00000011d4800000)]
  0x0000019f22ace270 JavaThread "Unconstrained build operations Thread 41" [_thread_blocked, id=14328, stack(0x00000011d4800000,0x00000011d4900000)]
  0x0000019f22ac9f10 JavaThread "Unconstrained build operations Thread 42" [_thread_blocked, id=32224, stack(0x00000011d4900000,0x00000011d4a00000)]
  0x0000019f22acb720 JavaThread "Unconstrained build operations Thread 43" [_thread_blocked, id=12468, stack(0x00000011d4a00000,0x00000011d4b00000)]
  0x0000019f22acbbf0 JavaThread "Unconstrained build operations Thread 44" [_thread_blocked, id=29668, stack(0x00000011d4b00000,0x00000011d4c00000)]
  0x0000019f22accf30 JavaThread "Unconstrained build operations Thread 45" [_thread_blocked, id=3592, stack(0x00000011d4c00000,0x00000011d4d00000)]
  0x0000019f22acca60 JavaThread "Unconstrained build operations Thread 46" [_thread_blocked, id=18624, stack(0x00000011d4d00000,0x00000011d4e00000)]
  0x0000019f22ace740 JavaThread "Unconstrained build operations Thread 47" [_thread_blocked, id=34552, stack(0x00000011d4e00000,0x00000011d4f00000)]
  0x0000019f22acd400 JavaThread "Unconstrained build operations Thread 48" [_thread_blocked, id=24268, stack(0x00000011d4f00000,0x00000011d5000000)]
  0x0000019f22acd8d0 JavaThread "Unconstrained build operations Thread 49" [_thread_blocked, id=26268, stack(0x00000011d5000000,0x00000011d5100000)]
  0x0000019f22acdda0 JavaThread "Unconstrained build operations Thread 50" [_thread_blocked, id=29344, stack(0x00000011d5100000,0x00000011d5200000)]
  0x0000019f22acf0e0 JavaThread "Unconstrained build operations Thread 51" [_thread_blocked, id=32132, stack(0x00000011d5200000,0x00000011d5300000)]
  0x0000019f22acf5b0 JavaThread "Unconstrained build operations Thread 52" [_thread_blocked, id=9864, stack(0x00000011d5300000,0x00000011d5400000)]
  0x0000019f22acfa80 JavaThread "Unconstrained build operations Thread 53" [_thread_blocked, id=15484, stack(0x00000011d5400000,0x00000011d5500000)]
  0x0000019f22b13e30 JavaThread "Unconstrained build operations Thread 54" [_thread_blocked, id=4796, stack(0x00000011d5500000,0x00000011d5600000)]
  0x0000019f22b17cc0 JavaThread "Unconstrained build operations Thread 55" [_thread_blocked, id=18528, stack(0x00000011d5600000,0x00000011d5700000)]
  0x0000019f22b13960 JavaThread "Unconstrained build operations Thread 56" [_thread_blocked, id=524, stack(0x00000011d5700000,0x00000011d5800000)]
  0x0000019f22b17320 JavaThread "Unconstrained build operations Thread 57" [_thread_blocked, id=18816, stack(0x00000011d5800000,0x00000011d5900000)]
  0x0000019f22b14ca0 JavaThread "Unconstrained build operations Thread 58" [_thread_blocked, id=34096, stack(0x00000011d5900000,0x00000011d5a00000)]
  0x0000019f22b117b0 JavaThread "Unconstrained build operations Thread 59" [_thread_blocked, id=34744, stack(0x00000011d5a00000,0x00000011d5b00000)]
  0x0000019f22b15640 JavaThread "Unconstrained build operations Thread 60" [_thread_blocked, id=14196, stack(0x00000011d5b00000,0x00000011d5c00000)]
  0x0000019f22b12620 JavaThread "Unconstrained build operations Thread 61" [_thread_blocked, id=23380, stack(0x00000011d5c00000,0x00000011d5d00000)]
  0x0000019f22b112e0 JavaThread "Unconstrained build operations Thread 62" [_thread_blocked, id=3880, stack(0x00000011d5d00000,0x00000011d5e00000)]
  0x0000019f22b14300 JavaThread "Unconstrained build operations Thread 63" [_thread_blocked, id=2272, stack(0x00000011d5e00000,0x00000011d5f00000)]
  0x0000019f22b147d0 JavaThread "Unconstrained build operations Thread 64" [_thread_blocked, id=35820, stack(0x00000011d5f00000,0x00000011d6000000)]
  0x0000019f22b15b10 JavaThread "Unconstrained build operations Thread 65" [_thread_blocked, id=17128, stack(0x00000011d6000000,0x00000011d6100000)]
  0x0000019f22b12150 JavaThread "Unconstrained build operations Thread 66" [_thread_blocked, id=2464, stack(0x00000011d6100000,0x00000011d6200000)]
  0x0000019f22b15fe0 JavaThread "Unconstrained build operations Thread 67" [_thread_blocked, id=2012, stack(0x00000011d6200000,0x00000011d6300000)]
  0x0000019f22b15170 JavaThread "Unconstrained build operations Thread 68" [_thread_blocked, id=31212, stack(0x00000011d6300000,0x00000011d6400000)]
  0x0000019f22b11c80 JavaThread "Unconstrained build operations Thread 69" [_thread_blocked, id=17632, stack(0x00000011d6400000,0x00000011d6500000)]
  0x0000019f22b18190 JavaThread "Unconstrained build operations Thread 70" [_thread_blocked, id=13680, stack(0x00000011d6500000,0x00000011d6600000)]
  0x0000019f22b12af0 JavaThread "Unconstrained build operations Thread 71" [_thread_blocked, id=15600, stack(0x00000011d6600000,0x00000011d6700000)]
  0x0000019f22b177f0 JavaThread "Unconstrained build operations Thread 72" [_thread_blocked, id=27280, stack(0x00000011d6700000,0x00000011d6800000)]
  0x0000019f22b164b0 JavaThread "Unconstrained build operations Thread 73" [_thread_blocked, id=10684, stack(0x00000011d6800000,0x00000011d6900000)]
  0x0000019f22b12fc0 JavaThread "Unconstrained build operations Thread 74" [_thread_blocked, id=22396, stack(0x00000011d6900000,0x00000011d6a00000)]
  0x0000019f22b16980 JavaThread "Unconstrained build operations Thread 75" [_thread_blocked, id=2984, stack(0x00000011d6a00000,0x00000011d6b00000)]
  0x0000019f22b16e50 JavaThread "Unconstrained build operations Thread 76" [_thread_blocked, id=34956, stack(0x00000011d6b00000,0x00000011d6c00000)]
  0x0000019f22b13490 JavaThread "Unconstrained build operations Thread 77" [_thread_blocked, id=14268, stack(0x00000011d6c00000,0x00000011d6d00000)]
  0x0000019f22b18660 JavaThread "Unconstrained build operations Thread 78" [_thread_blocked, id=36360, stack(0x00000011d6d00000,0x00000011d6e00000)]
  0x0000019f22b18b30 JavaThread "Unconstrained build operations Thread 79" [_thread_blocked, id=12736, stack(0x00000011d6e00000,0x00000011d6f00000)]
  0x0000019f22a16440 JavaThread "Unconstrained build operations Thread 80" [_thread_blocked, id=32692, stack(0x00000011d6f00000,0x00000011d7000000)]
  0x0000019f22a15f70 JavaThread "Unconstrained build operations Thread 81" [_thread_blocked, id=20452, stack(0x00000011d7000000,0x00000011d7100000)]
  0x0000019f22a16910 JavaThread "Unconstrained build operations Thread 82" [_thread_blocked, id=29916, stack(0x00000011d7100000,0x00000011d7200000)]
  0x0000019f22a12a80 JavaThread "Unconstrained build operations Thread 83" [_thread_blocked, id=3056, stack(0x00000011d7200000,0x00000011d7300000)]
  0x0000019f22a12f50 JavaThread "Unconstrained build operations Thread 84" [_thread_blocked, id=21004, stack(0x00000011d7300000,0x00000011d7400000)]
  0x0000019f22a13420 JavaThread "Unconstrained build operations Thread 85" [_thread_blocked, id=24300, stack(0x00000011d7400000,0x00000011d7500000)]
  0x0000019f22a16de0 JavaThread "Unconstrained build operations Thread 86" [_thread_blocked, id=12704, stack(0x00000011d7500000,0x00000011d7600000)]
  0x0000019f22a11c10 JavaThread "Unconstrained build operations Thread 87" [_thread_blocked, id=22272, stack(0x00000011d7600000,0x00000011d7700000)]
  0x0000019f22a120e0 JavaThread "Unconstrained build operations Thread 88" [_thread_blocked, id=8812, stack(0x00000011d7700000,0x00000011d7800000)]
  0x0000019f22a11270 JavaThread "Unconstrained build operations Thread 89" [_thread_blocked, id=35564, stack(0x00000011d7800000,0x00000011d7900000)]
  0x0000019f22a138f0 JavaThread "Unconstrained build operations Thread 90" [_thread_blocked, id=17964, stack(0x00000011d7900000,0x00000011d7a00000)]
  0x0000019f22a18120 JavaThread "Unconstrained build operations Thread 91" [_thread_blocked, id=6216, stack(0x00000011d7a00000,0x00000011d7b00000)]
  0x0000019f22a172b0 JavaThread "Unconstrained build operations Thread 92" [_thread_blocked, id=31632, stack(0x00000011d7b00000,0x00000011d7c00000)]
  0x0000019f22a14760 JavaThread "Unconstrained build operations Thread 93" [_thread_blocked, id=32748, stack(0x00000011d7c00000,0x00000011d7d00000)]
  0x0000019f22a14c30 JavaThread "Unconstrained build operations Thread 94" [_thread_blocked, id=29784, stack(0x00000011d7d00000,0x00000011d7e00000)]
  0x0000019f22a108d0 JavaThread "Unconstrained build operations Thread 95" [_thread_blocked, id=18308, stack(0x00000011d7e00000,0x00000011d7f00000)]
  0x0000019f22a13dc0 JavaThread "Unconstrained build operations Thread 96" [_thread_blocked, id=19688, stack(0x00000011d7f00000,0x00000011d8000000)]
  0x0000019f22a15100 JavaThread "Unconstrained build operations Thread 97" [_thread_blocked, id=34264, stack(0x00000011d8000000,0x00000011d8100000)]
  0x0000019f22a15aa0 JavaThread "Unconstrained build operations Thread 98" [_thread_blocked, id=33408, stack(0x00000011d8100000,0x00000011d8200000)]
  0x0000019f22a14290 JavaThread "Unconstrained build operations Thread 99" [_thread_blocked, id=18120, stack(0x00000011d8200000,0x00000011d8300000)]
  0x0000019f22a17c50 JavaThread "Unconstrained build operations Thread 100" [_thread_blocked, id=2384, stack(0x00000011d8300000,0x00000011d8400000)]
  0x0000019f22a125b0 JavaThread "Unconstrained build operations Thread 101" [_thread_blocked, id=36732, stack(0x00000011d8400000,0x00000011d8500000)]
  0x0000019f22a155d0 JavaThread "Unconstrained build operations Thread 102" [_thread_blocked, id=32332, stack(0x00000011d8500000,0x00000011d8600000)]
  0x0000019f22a17780 JavaThread "Unconstrained build operations Thread 103" [_thread_blocked, id=13220, stack(0x00000011d8600000,0x00000011d8700000)]
  0x0000019f22a10da0 JavaThread "Unconstrained build operations Thread 104" [_thread_blocked, id=34472, stack(0x00000011d8700000,0x00000011d8800000)]
  0x0000019f22a11740 JavaThread "Unconstrained build operations Thread 105" [_thread_blocked, id=28472, stack(0x00000011d8800000,0x00000011d8900000)]
  0x0000019f20857a60 JavaThread "Unconstrained build operations Thread 106" [_thread_blocked, id=2244, stack(0x00000011d8900000,0x00000011d8a00000)]
  0x0000019f20858400 JavaThread "Unconstrained build operations Thread 107" [_thread_blocked, id=9248, stack(0x00000011d8a00000,0x00000011d8b00000)]
  0x0000019f208570c0 JavaThread "Unconstrained build operations Thread 108" [_thread_blocked, id=15800, stack(0x00000011d8b00000,0x00000011d8c00000)]
  0x0000019f20857590 JavaThread "Unconstrained build operations Thread 109" [_thread_blocked, id=33940, stack(0x00000011d8c00000,0x00000011d8d00000)]
  0x0000019f208553e0 JavaThread "Unconstrained build operations Thread 110" [_thread_blocked, id=34216, stack(0x00000011d8d00000,0x00000011d8e00000)]
  0x0000019f20854f10 JavaThread "Unconstrained build operations Thread 111" [_thread_blocked, id=26724, stack(0x00000011d8e00000,0x00000011d8f00000)]
  0x0000019f208540a0 JavaThread "Unconstrained build operations Thread 112" [_thread_blocked, id=31040, stack(0x00000011d8f00000,0x00000011d9000000)]
  0x0000019f20859270 JavaThread "Unconstrained build operations Thread 113" [_thread_blocked, id=6872, stack(0x00000011d9000000,0x00000011d9100000)]
  0x0000019f20859740 JavaThread "Unconstrained build operations Thread 114" [_thread_blocked, id=11596, stack(0x00000011d9100000,0x00000011d9200000)]
  0x0000019f20855d80 JavaThread "Unconstrained build operations Thread 115" [_thread_blocked, id=22412, stack(0x00000011d9200000,0x00000011d9300000)]
  0x0000019f208588d0 JavaThread "Unconstrained build operations Thread 116" [_thread_blocked, id=28828, stack(0x00000011d9300000,0x00000011d9400000)]
  0x0000019f20854a40 JavaThread "Unconstrained build operations Thread 117" [_thread_blocked, id=2632, stack(0x00000011d9400000,0x00000011d9500000)]
  0x0000019f2085aa80 JavaThread "Unconstrained build operations Thread 118" [_thread_blocked, id=11380, stack(0x00000011d9500000,0x00000011d9600000)]
  0x0000019f208558b0 JavaThread "Unconstrained build operations Thread 119" [_thread_blocked, id=33784, stack(0x00000011d9600000,0x00000011d9700000)]
  0x0000019f20858da0 JavaThread "Unconstrained build operations Thread 120" [_thread_blocked, id=7040, stack(0x00000011d9700000,0x00000011d9800000)]
  0x0000019f2085af50 JavaThread "Unconstrained build operations Thread 121" [_thread_blocked, id=19696, stack(0x00000011d9800000,0x00000011d9900000)]
  0x0000019f20856250 JavaThread "Unconstrained build operations Thread 122" [_thread_blocked, id=18104, stack(0x00000011d9900000,0x00000011d9a00000)]
  0x0000019f20854570 JavaThread "Unconstrained build operations Thread 123" [_thread_blocked, id=11916, stack(0x00000011d9a00000,0x00000011d9b00000)]
  0x0000019f20859c10 JavaThread "Unconstrained build operations Thread 124" [_thread_blocked, id=16216, stack(0x00000011d9b00000,0x00000011d9c00000)]
  0x0000019f20856720 JavaThread "Unconstrained build operations Thread 125" [_thread_blocked, id=35648, stack(0x00000011d9c00000,0x00000011d9d00000)]
  0x0000019f20857f30 JavaThread "Unconstrained build operations Thread 126" [_thread_blocked, id=9912, stack(0x00000011d9d00000,0x00000011d9e00000)]
  0x0000019f20856bf0 JavaThread "Unconstrained build operations Thread 127" [_thread_blocked, id=33892, stack(0x00000011d9e00000,0x00000011d9f00000)]
  0x0000019f2085a0e0 JavaThread "Unconstrained build operations Thread 128" [_thread_blocked, id=8240, stack(0x00000011d9f00000,0x00000011da000000)]
  0x0000019f2085a5b0 JavaThread "Unconstrained build operations Thread 129" [_thread_blocked, id=19736, stack(0x00000011da000000,0x00000011da100000)]
  0x0000019f2085b420 JavaThread "Unconstrained build operations Thread 130" [_thread_blocked, id=29548, stack(0x00000011da100000,0x00000011da200000)]
  0x0000019f2085b8f0 JavaThread "Unconstrained build operations Thread 131" [_thread_blocked, id=17076, stack(0x00000011da200000,0x00000011da300000)]
  0x0000019f240bd4a0 JavaThread "Unconstrained build operations Thread 132" [_thread_blocked, id=29424, stack(0x00000011da300000,0x00000011da400000)]
  0x0000019f240c0990 JavaThread "Unconstrained build operations Thread 133" [_thread_blocked, id=2660, stack(0x00000011da400000,0x00000011da500000)]
  0x0000019f240bbc90 JavaThread "Unconstrained build operations Thread 134" [_thread_blocked, id=18160, stack(0x00000011da500000,0x00000011da600000)]
  0x0000019f240bf650 JavaThread "Unconstrained build operations Thread 135" [_thread_blocked, id=35388, stack(0x00000011da600000,0x00000011da700000)]
  0x0000019f240bd970 JavaThread "Unconstrained build operations Thread 136" [_thread_blocked, id=23116, stack(0x00000011da700000,0x00000011da800000)]
  0x0000019f240be7e0 JavaThread "Unconstrained build operations Thread 137" [_thread_blocked, id=11108, stack(0x00000011da800000,0x00000011da900000)]
  0x0000019f240bde40 JavaThread "Unconstrained build operations Thread 138" [_thread_blocked, id=29852, stack(0x00000011da900000,0x00000011daa00000)]
  0x0000019f240bf180 JavaThread "Unconstrained build operations Thread 139" [_thread_blocked, id=25068, stack(0x00000011daa00000,0x00000011dab00000)]
  0x0000019f240c1cd0 JavaThread "Unconstrained build operations Thread 140" [_thread_blocked, id=30500, stack(0x00000011dab00000,0x00000011dac00000)]
  0x0000019f240bfb20 JavaThread "Unconstrained build operations Thread 141" [_thread_blocked, id=23612, stack(0x00000011dac00000,0x00000011dad00000)]
  0x0000019f240bfff0 JavaThread "jar transforms Thread 10" [_thread_blocked, id=20708, stack(0x00000011dad00000,0x00000011dae00000)]
  0x0000019f240becb0 JavaThread "jar transforms Thread 11" [_thread_blocked, id=34456, stack(0x00000011dae00000,0x00000011daf00000)]
  0x0000019f240bae20 JavaThread "jar transforms Thread 12" [_thread_blocked, id=33084, stack(0x00000011daf00000,0x00000011db000000)]
  0x0000019f240c04c0 JavaThread "jar transforms Thread 13" [_thread_blocked, id=15604, stack(0x00000011db000000,0x00000011db100000)]
  0x0000019f240be310 JavaThread "jar transforms Thread 14" [_thread_blocked, id=28420, stack(0x00000011db100000,0x00000011db200000)]
  0x0000019f240bb2f0 JavaThread "jar transforms Thread 15" [_thread_blocked, id=20800, stack(0x00000011db200000,0x00000011db300000)]
  0x0000019f240bb7c0 JavaThread "jar transforms Thread 16" [_thread_blocked, id=34788, stack(0x00000011db300000,0x00000011db400000)]
  0x0000019f240c0e60 JavaThread "Memory manager" [_thread_blocked, id=4348, stack(0x00000011d0a00000,0x00000011d0b00000)]
  0x0000019f21da1b30 JavaThread "C2 CompilerThread3" daemon [_thread_in_native, id=21368, stack(0x00000011d1400000,0x00000011d1500000)]

Other Threads:
  0x0000019f1c814910 VMThread "VM Thread" [stack: 0x00000011cdb00000,0x00000011cdc00000] [id=13660]
  0x0000019f1cac3e50 WatcherThread [stack: 0x00000011ce900000,0x00000011cea00000] [id=19140]
  0x0000019f7f5baf30 GCTaskThread "GC Thread#0" [stack: 0x00000011cd600000,0x00000011cd700000] [id=27140]
  0x0000019f1dca2ec0 GCTaskThread "GC Thread#1" [stack: 0x00000011cee00000,0x00000011cef00000] [id=16540]
  0x0000019f1dca3580 GCTaskThread "GC Thread#2" [stack: 0x00000011cef00000,0x00000011cf000000] [id=35616]
  0x0000019f1dca3c30 GCTaskThread "GC Thread#3" [stack: 0x00000011cf000000,0x00000011cf100000] [id=12216]
  0x0000019f1d61e820 GCTaskThread "GC Thread#4" [stack: 0x00000011cf100000,0x00000011cf200000] [id=15900]
  0x0000019f1fddb870 GCTaskThread "GC Thread#5" [stack: 0x00000011cfb00000,0x00000011cfc00000] [id=4960]
  0x0000019f1f351520 GCTaskThread "GC Thread#6" [stack: 0x00000011cfc00000,0x00000011cfd00000] [id=12972]
  0x0000019f1f3517d0 GCTaskThread "GC Thread#7" [stack: 0x00000011cfd00000,0x00000011cfe00000] [id=356]
  0x0000019f1e1a63f0 GCTaskThread "GC Thread#8" [stack: 0x00000011cfe00000,0x00000011cff00000] [id=9884]
  0x0000019f1f2f2330 GCTaskThread "GC Thread#9" [stack: 0x00000011cff00000,0x00000011d0000000] [id=9112]
  0x0000019f1f2f1870 GCTaskThread "GC Thread#10" [stack: 0x00000011d0000000,0x00000011d0100000] [id=31928]
  0x0000019f1f2f25e0 GCTaskThread "GC Thread#11" [stack: 0x00000011d0100000,0x00000011d0200000] [id=4264]
  0x0000019f1f2f0b00 GCTaskThread "GC Thread#12" [stack: 0x00000011d0200000,0x00000011d0300000] [id=34512]
  0x0000019f7f5cda90 ConcurrentGCThread "G1 Main Marker" [stack: 0x00000011cd700000,0x00000011cd800000] [id=25448]
  0x0000019f7f5ce4a0 ConcurrentGCThread "G1 Conc#0" [stack: 0x00000011cd800000,0x00000011cd900000] [id=13408]
  0x0000019f1f2f0db0 ConcurrentGCThread "G1 Conc#1" [stack: 0x00000011d0300000,0x00000011d0400000] [id=6284]
  0x0000019f1f2f1dd0 ConcurrentGCThread "G1 Conc#2" [stack: 0x00000011d0400000,0x00000011d0500000] [id=26708]
  0x0000019f1bae0a40 ConcurrentGCThread "G1 Refine#0" [stack: 0x00000011cd900000,0x00000011cda00000] [id=19288]
  0x0000019f1f959450 ConcurrentGCThread "G1 Refine#1" [stack: 0x00000011d1300000,0x00000011d1400000] [id=5164]
  0x0000019f1bae1270 ConcurrentGCThread "G1 Service" [stack: 0x00000011cda00000,0x00000011cdb00000] [id=24200]

Threads with active compile tasks:
C2 CompilerThread0     6703 7658       4       java.beans.Introspector::addMethod (196 bytes)
C2 CompilerThread1     6703 7644       4       java.beans.MethodRef::set (58 bytes)
C2 CompilerThread2     6703 7608   !   4       com.sun.beans.TypeResolver::resolve (261 bytes)
C2 CompilerThread3     6703 7646       4       com.sun.beans.TypeResolver::resolve (37 bytes)
C2 CompilerThread4     6703 7618  s!   4       java.beans.PropertyDescriptor::getReadMethod (149 bytes)

VM state: not at safepoint (normal execution)

VM Mutex/Monitor currently owned by a thread: None

Heap address: 0x0000000080000000, size: 2048 MB, Compressed Oops mode: 32-bit

CDS archive(s) not mapped
Compressed class space mapped at: 0x0000000100000000-0x0000000140000000, reserved size: 1073741824
Narrow klass base: 0x0000000000000000, Narrow klass shift: 3, Narrow klass range: 0x140000000

GC Precious Log:
 CPUs: 16 total, 16 available
 Memory: 15724M
 Large Page Support: Disabled
 NUMA Support: Disabled
 Compressed Oops: Enabled (32-bit)
 Heap Region Size: 1M
 Heap Min Capacity: 8M
 Heap Initial Capacity: 246M
 Heap Max Capacity: 2G
 Pre-touch: Disabled
 Parallel Workers: 13
 Concurrent Workers: 3
 Concurrent Refinement Workers: 13
 Periodic GC: Disabled

Heap:
 garbage-first heap   total 117760K, used 72290K [0x0000000080000000, 0x0000000100000000)
  region size 1024K, 13 young (13312K), 4 survivors (4096K)
 Metaspace       used 69614K, committed 70080K, reserved 1114112K
  class space    used 8990K, committed 9216K, reserved 1048576K

Heap Regions: E=young(eden), S=young(survivor), O=old, HS=humongous(starts), HC=humongous(continues), CS=collection set, F=free, OA=open archive, CA=closed archive, TAMS=top-at-mark-start (previous, next)
|   0|0x0000000080000000, 0x0000000080100000, 0x0000000080100000|100%| O|  |TAMS 0x0000000080100000, 0x0000000080000000| Untracked 
|   1|0x0000000080100000, 0x0000000080200000, 0x0000000080200000|100%| O|  |TAMS 0x0000000080200000, 0x0000000080100000| Untracked 
|   2|0x0000000080200000, 0x0000000080300000, 0x0000000080300000|100%| O|  |TAMS 0x0000000080300000, 0x0000000080200000| Untracked 
|   3|0x0000000080300000, 0x0000000080400000, 0x0000000080400000|100%|HS|  |TAMS 0x0000000080400000, 0x0000000080300000| Complete 
|   4|0x0000000080400000, 0x0000000080500000, 0x0000000080500000|100%|HC|  |TAMS 0x0000000080500000, 0x0000000080400000| Complete 
|   5|0x0000000080500000, 0x0000000080600000, 0x0000000080600000|100%|HC|  |TAMS 0x0000000080600000, 0x0000000080500000| Complete 
|   6|0x0000000080600000, 0x0000000080700000, 0x0000000080700000|100%| O|  |TAMS 0x0000000080700000, 0x0000000080600000| Untracked 
|   7|0x0000000080700000, 0x0000000080800000, 0x0000000080800000|100%| O|  |TAMS 0x0000000080800000, 0x0000000080700000| Untracked 
|   8|0x0000000080800000, 0x0000000080900000, 0x0000000080900000|100%| O|  |TAMS 0x0000000080900000, 0x0000000080800000| Untracked 
|   9|0x0000000080900000, 0x0000000080a00000, 0x0000000080a00000|100%| O|  |TAMS 0x0000000080a00000, 0x0000000080900000| Untracked 
|  10|0x0000000080a00000, 0x0000000080a00000, 0x0000000080b00000|  0%| F|  |TAMS 0x0000000080a00000, 0x0000000080a00000| Untracked 
|  11|0x0000000080b00000, 0x0000000080c00000, 0x0000000080c00000|100%| O|  |TAMS 0x0000000080c00000, 0x0000000080b00000| Untracked 
|  12|0x0000000080c00000, 0x0000000080d00000, 0x0000000080d00000|100%| O|  |TAMS 0x0000000080d00000, 0x0000000080c00000| Untracked 
|  13|0x0000000080d00000, 0x0000000080e00000, 0x0000000080e00000|100%| O|  |TAMS 0x0000000080e00000, 0x0000000080d00000| Untracked 
|  14|0x0000000080e00000, 0x0000000080f00000, 0x0000000080f00000|100%| O|  |TAMS 0x0000000080f00000, 0x0000000080e00000| Untracked 
|  15|0x0000000080f00000, 0x0000000081000000, 0x0000000081000000|100%| O|  |TAMS 0x0000000081000000, 0x0000000080f00000| Untracked 
|  16|0x0000000081000000, 0x0000000081100000, 0x0000000081100000|100%| O|  |TAMS 0x0000000081100000, 0x0000000081000000| Untracked 
|  17|0x0000000081100000, 0x0000000081200000, 0x0000000081200000|100%| O|  |TAMS 0x0000000081200000, 0x0000000081100000| Untracked 
|  18|0x0000000081200000, 0x0000000081300000, 0x0000000081300000|100%| O|  |TAMS 0x0000000081300000, 0x0000000081200000| Untracked 
|  19|0x0000000081300000, 0x0000000081400000, 0x0000000081400000|100%| O|  |TAMS 0x0000000081400000, 0x0000000081300000| Untracked 
|  20|0x0000000081400000, 0x0000000081500000, 0x0000000081500000|100%| O|  |TAMS 0x0000000081500000, 0x0000000081400000| Untracked 
|  21|0x0000000081500000, 0x0000000081600000, 0x0000000081600000|100%| O|  |TAMS 0x0000000081600000, 0x0000000081500000| Untracked 
|  22|0x0000000081600000, 0x0000000081700000, 0x0000000081700000|100%| O|  |TAMS 0x0000000081700000, 0x0000000081600000| Untracked 
|  23|0x0000000081700000, 0x0000000081800000, 0x0000000081800000|100%| O|  |TAMS 0x0000000081800000, 0x0000000081700000| Untracked 
|  24|0x0000000081800000, 0x0000000081900000, 0x0000000081900000|100%|HS|  |TAMS 0x0000000081900000, 0x0000000081800000| Complete 
|  25|0x0000000081900000, 0x0000000081a00000, 0x0000000081a00000|100%| O|  |TAMS 0x0000000081a00000, 0x0000000081900000| Untracked 
|  26|0x0000000081a00000, 0x0000000081b00000, 0x0000000081b00000|100%| O|  |TAMS 0x0000000081b00000, 0x0000000081a00000| Untracked 
|  27|0x0000000081b00000, 0x0000000081c00000, 0x0000000081c00000|100%| O|  |TAMS 0x0000000081c00000, 0x0000000081b00000| Untracked 
|  28|0x0000000081c00000, 0x0000000081d00000, 0x0000000081d00000|100%| O|  |TAMS 0x0000000081d00000, 0x0000000081c00000| Untracked 
|  29|0x0000000081d00000, 0x0000000081e00000, 0x0000000081e00000|100%| O|  |TAMS 0x0000000081e00000, 0x0000000081d00000| Untracked 
|  30|0x0000000081e00000, 0x0000000081f00000, 0x0000000081f00000|100%| O|  |TAMS 0x0000000081f00000, 0x0000000081e00000| Untracked 
|  31|0x0000000081f00000, 0x0000000082000000, 0x0000000082000000|100%|HS|  |TAMS 0x0000000082000000, 0x0000000081f00000| Complete 
|  32|0x0000000082000000, 0x0000000082100000, 0x0000000082100000|100%|HS|  |TAMS 0x0000000082100000, 0x0000000082000000| Complete 
|  33|0x0000000082100000, 0x0000000082200000, 0x0000000082200000|100%|HS|  |TAMS 0x0000000082200000, 0x0000000082100000| Complete 
|  34|0x0000000082200000, 0x0000000082300000, 0x0000000082300000|100%|HC|  |TAMS 0x0000000082300000, 0x0000000082200000| Complete 
|  35|0x0000000082300000, 0x0000000082400000, 0x0000000082400000|100%|HC|  |TAMS 0x0000000082400000, 0x0000000082300000| Complete 
|  36|0x0000000082400000, 0x0000000082500000, 0x0000000082500000|100%|HS|  |TAMS 0x0000000082500000, 0x0000000082400000| Complete 
|  37|0x0000000082500000, 0x0000000082600000, 0x0000000082600000|100%|HC|  |TAMS 0x0000000082600000, 0x0000000082500000| Complete 
|  38|0x0000000082600000, 0x0000000082700000, 0x0000000082700000|100%| O|  |TAMS 0x0000000082700000, 0x0000000082600000| Untracked 
|  39|0x0000000082700000, 0x0000000082800000, 0x0000000082800000|100%| O|  |TAMS 0x0000000082800000, 0x0000000082700000| Untracked 
|  40|0x0000000082800000, 0x0000000082900000, 0x0000000082900000|100%| O|  |TAMS 0x0000000082900000, 0x0000000082800000| Untracked 
|  41|0x0000000082900000, 0x0000000082a00000, 0x0000000082a00000|100%| O|  |TAMS 0x0000000082a00000, 0x0000000082900000| Untracked 
|  42|0x0000000082a00000, 0x0000000082b00000, 0x0000000082b00000|100%| O|  |TAMS 0x0000000082b00000, 0x0000000082a00000| Untracked 
|  43|0x0000000082b00000, 0x0000000082c00000, 0x0000000082c00000|100%| O|  |TAMS 0x0000000082c00000, 0x0000000082b00000| Untracked 
|  44|0x0000000082c00000, 0x0000000082d00000, 0x0000000082d00000|100%| O|  |TAMS 0x0000000082d00000, 0x0000000082c00000| Untracked 
|  45|0x0000000082d00000, 0x0000000082e00000, 0x0000000082e00000|100%| O|  |TAMS 0x0000000082e00000, 0x0000000082d00000| Untracked 
|  46|0x0000000082e00000, 0x0000000082f00000, 0x0000000082f00000|100%| O|  |TAMS 0x0000000082f00000, 0x0000000082e00000| Untracked 
|  47|0x0000000082f00000, 0x0000000083000000, 0x0000000083000000|100%| O|  |TAMS 0x0000000083000000, 0x0000000082f00000| Complete 
|  48|0x0000000083000000, 0x0000000083100000, 0x0000000083100000|100%| O|  |TAMS 0x0000000083100000, 0x0000000083000000| Untracked 
|  49|0x0000000083100000, 0x0000000083200000, 0x0000000083200000|100%| O|  |TAMS 0x0000000083200000, 0x0000000083100000| Untracked 
|  50|0x0000000083200000, 0x0000000083300000, 0x0000000083300000|100%| O|  |TAMS 0x0000000083300000, 0x0000000083200000| Untracked 
|  51|0x0000000083300000, 0x0000000083400000, 0x0000000083400000|100%| O|  |TAMS 0x0000000083400000, 0x0000000083300000| Untracked 
|  52|0x0000000083400000, 0x0000000083500000, 0x0000000083500000|100%| O|  |TAMS 0x0000000083500000, 0x0000000083400000| Untracked 
|  53|0x0000000083500000, 0x0000000083600000, 0x0000000083600000|100%| O|  |TAMS 0x0000000083600000, 0x0000000083500000| Untracked 
|  54|0x0000000083600000, 0x0000000083700000, 0x0000000083700000|100%| O|  |TAMS 0x0000000083700000, 0x0000000083600000| Untracked 
|  55|0x0000000083700000, 0x0000000083800000, 0x0000000083800000|100%| O|  |TAMS 0x0000000083800000, 0x0000000083700000| Untracked 
|  56|0x0000000083800000, 0x0000000083900000, 0x0000000083900000|100%| O|  |TAMS 0x0000000083900000, 0x0000000083800000| Untracked 
|  57|0x0000000083900000, 0x0000000083a00000, 0x0000000083a00000|100%| O|  |TAMS 0x0000000083a00000, 0x0000000083900000| Untracked 
|  58|0x0000000083a00000, 0x0000000083ad6200, 0x0000000083b00000| 83%| O|  |TAMS 0x0000000083ad6200, 0x0000000083a00000| Untracked 
|  59|0x0000000083b00000, 0x0000000083c00000, 0x0000000083c00000|100%| O|  |TAMS 0x0000000083c00000, 0x0000000083b00000| Untracked 
|  60|0x0000000083c00000, 0x0000000083d00000, 0x0000000083d00000|100%| O|  |TAMS 0x0000000083d00000, 0x0000000083c00000| Untracked 
|  61|0x0000000083d00000, 0x0000000083d00000, 0x0000000083e00000|  0%| F|  |TAMS 0x0000000083d00000, 0x0000000083d00000| Untracked 
|  62|0x0000000083e00000, 0x0000000083e00000, 0x0000000083f00000|  0%| F|  |TAMS 0x0000000083e00000, 0x0000000083e00000| Untracked 
|  63|0x0000000083f00000, 0x0000000083f00000, 0x0000000084000000|  0%| F|  |TAMS 0x0000000083f00000, 0x0000000083f00000| Untracked 
|  64|0x0000000084000000, 0x0000000084000000, 0x0000000084100000|  0%| F|  |TAMS 0x0000000084000000, 0x0000000084000000| Untracked 
|  65|0x0000000084100000, 0x0000000084100000, 0x0000000084200000|  0%| F|  |TAMS 0x0000000084100000, 0x0000000084100000| Untracked 
|  66|0x0000000084200000, 0x0000000084200000, 0x0000000084300000|  0%| F|  |TAMS 0x0000000084200000, 0x0000000084200000| Untracked 
|  67|0x0000000084300000, 0x0000000084300000, 0x0000000084400000|  0%| F|  |TAMS 0x0000000084300000, 0x0000000084300000| Untracked 
|  68|0x0000000084400000, 0x0000000084400000, 0x0000000084500000|  0%| F|  |TAMS 0x0000000084400000, 0x0000000084400000| Untracked 
|  69|0x0000000084500000, 0x0000000084500000, 0x0000000084600000|  0%| F|  |TAMS 0x0000000084500000, 0x0000000084500000| Untracked 
|  70|0x0000000084600000, 0x0000000084600000, 0x0000000084700000|  0%| F|  |TAMS 0x0000000084600000, 0x0000000084600000| Untracked 
|  71|0x0000000084700000, 0x0000000084700000, 0x0000000084800000|  0%| F|  |TAMS 0x0000000084700000, 0x0000000084700000| Untracked 
|  72|0x0000000084800000, 0x0000000084800000, 0x0000000084900000|  0%| F|  |TAMS 0x0000000084800000, 0x0000000084800000| Untracked 
|  73|0x0000000084900000, 0x0000000084900000, 0x0000000084a00000|  0%| F|  |TAMS 0x0000000084900000, 0x0000000084900000| Untracked 
|  74|0x0000000084a00000, 0x0000000084a00000, 0x0000000084b00000|  0%| F|  |TAMS 0x0000000084a00000, 0x0000000084a00000| Untracked 
|  75|0x0000000084b00000, 0x0000000084b00000, 0x0000000084c00000|  0%| F|  |TAMS 0x0000000084b00000, 0x0000000084b00000| Untracked 
|  76|0x0000000084c00000, 0x0000000084c00000, 0x0000000084d00000|  0%| F|  |TAMS 0x0000000084c00000, 0x0000000084c00000| Untracked 
|  77|0x0000000084d00000, 0x0000000084dc2640, 0x0000000084e00000| 75%| S|CS|TAMS 0x0000000084d00000, 0x0000000084d00000| Complete 
|  78|0x0000000084e00000, 0x0000000084f00000, 0x0000000084f00000|100%| S|CS|TAMS 0x0000000084e00000, 0x0000000084e00000| Complete 
|  79|0x0000000084f00000, 0x0000000085000000, 0x0000000085000000|100%| S|CS|TAMS 0x0000000084f00000, 0x0000000084f00000| Complete 
|  80|0x0000000085000000, 0x0000000085100000, 0x0000000085100000|100%| S|CS|TAMS 0x0000000085000000, 0x0000000085000000| Complete 
|  81|0x0000000085100000, 0x0000000085100000, 0x0000000085200000|  0%| F|  |TAMS 0x0000000085100000, 0x0000000085100000| Untracked 
|  82|0x0000000085200000, 0x0000000085200000, 0x0000000085300000|  0%| F|  |TAMS 0x0000000085200000, 0x0000000085200000| Untracked 
|  83|0x0000000085300000, 0x0000000085300000, 0x0000000085400000|  0%| F|  |TAMS 0x0000000085300000, 0x0000000085300000| Untracked 
|  84|0x0000000085400000, 0x0000000085400000, 0x0000000085500000|  0%| F|  |TAMS 0x0000000085400000, 0x0000000085400000| Untracked 
|  85|0x0000000085500000, 0x0000000085500000, 0x0000000085600000|  0%| F|  |TAMS 0x0000000085500000, 0x0000000085500000| Untracked 
|  86|0x0000000085600000, 0x0000000085600000, 0x0000000085700000|  0%| F|  |TAMS 0x0000000085600000, 0x0000000085600000| Untracked 
|  87|0x0000000085700000, 0x0000000085700000, 0x0000000085800000|  0%| F|  |TAMS 0x0000000085700000, 0x0000000085700000| Untracked 
|  88|0x0000000085800000, 0x0000000085800000, 0x0000000085900000|  0%| F|  |TAMS 0x0000000085800000, 0x0000000085800000| Untracked 
|  89|0x0000000085900000, 0x0000000085900000, 0x0000000085a00000|  0%| F|  |TAMS 0x0000000085900000, 0x0000000085900000| Untracked 
|  90|0x0000000085a00000, 0x0000000085a00000, 0x0000000085b00000|  0%| F|  |TAMS 0x0000000085a00000, 0x0000000085a00000| Untracked 
|  91|0x0000000085b00000, 0x0000000085b00000, 0x0000000085c00000|  0%| F|  |TAMS 0x0000000085b00000, 0x0000000085b00000| Untracked 
|  92|0x0000000085c00000, 0x0000000085c00000, 0x0000000085d00000|  0%| F|  |TAMS 0x0000000085c00000, 0x0000000085c00000| Untracked 
|  93|0x0000000085d00000, 0x0000000085d00000, 0x0000000085e00000|  0%| F|  |TAMS 0x0000000085d00000, 0x0000000085d00000| Untracked 
|  94|0x0000000085e00000, 0x0000000085e00000, 0x0000000085f00000|  0%| F|  |TAMS 0x0000000085e00000, 0x0000000085e00000| Untracked 
|  95|0x0000000085f00000, 0x0000000085f00000, 0x0000000086000000|  0%| F|  |TAMS 0x0000000085f00000, 0x0000000085f00000| Untracked 
|  96|0x0000000086000000, 0x0000000086000000, 0x0000000086100000|  0%| F|  |TAMS 0x0000000086000000, 0x0000000086000000| Untracked 
|  97|0x0000000086100000, 0x0000000086100000, 0x0000000086200000|  0%| F|  |TAMS 0x0000000086100000, 0x0000000086100000| Untracked 
|  98|0x0000000086200000, 0x0000000086200000, 0x0000000086300000|  0%| F|  |TAMS 0x0000000086200000, 0x0000000086200000| Untracked 
|  99|0x0000000086300000, 0x0000000086300000, 0x0000000086400000|  0%| F|  |TAMS 0x0000000086300000, 0x0000000086300000| Untracked 
| 100|0x0000000086400000, 0x0000000086400000, 0x0000000086500000|  0%| F|  |TAMS 0x0000000086400000, 0x0000000086400000| Untracked 
| 101|0x0000000086500000, 0x0000000086500000, 0x0000000086600000|  0%| F|  |TAMS 0x0000000086500000, 0x0000000086500000| Untracked 
| 102|0x0000000086600000, 0x0000000086600000, 0x0000000086700000|  0%| F|  |TAMS 0x0000000086600000, 0x0000000086600000| Untracked 
| 103|0x0000000086700000, 0x0000000086700000, 0x0000000086800000|  0%| F|  |TAMS 0x0000000086700000, 0x0000000086700000| Untracked 
| 104|0x0000000086800000, 0x0000000086800000, 0x0000000086900000|  0%| F|  |TAMS 0x0000000086800000, 0x0000000086800000| Untracked 
| 190|0x000000008be00000, 0x000000008be00800, 0x000000008bf00000|  0%| E|  |TAMS 0x000000008be00000, 0x000000008be00000| Complete 
| 191|0x000000008bf00000, 0x000000008c000000, 0x000000008c000000|100%| E|CS|TAMS 0x000000008bf00000, 0x000000008bf00000| Complete 
| 192|0x000000008c000000, 0x000000008c100000, 0x000000008c100000|100%| E|CS|TAMS 0x000000008c000000, 0x000000008c000000| Complete 
| 193|0x000000008c100000, 0x000000008c200000, 0x000000008c200000|100%| E|CS|TAMS 0x000000008c100000, 0x000000008c100000| Complete 
| 194|0x000000008c200000, 0x000000008c300000, 0x000000008c300000|100%| E|CS|TAMS 0x000000008c200000, 0x000000008c200000| Complete 
| 195|0x000000008c300000, 0x000000008c400000, 0x000000008c400000|100%| E|  |TAMS 0x000000008c300000, 0x000000008c300000| Complete 
| 196|0x000000008c400000, 0x000000008c500000, 0x000000008c500000|100%| E|CS|TAMS 0x000000008c400000, 0x000000008c400000| Complete 
| 197|0x000000008c500000, 0x000000008c600000, 0x000000008c600000|100%| E|CS|TAMS 0x000000008c500000, 0x000000008c500000| Complete 
| 198|0x000000008c600000, 0x000000008c700000, 0x000000008c700000|100%| E|CS|TAMS 0x000000008c600000, 0x000000008c600000| Complete 
| 245|0x000000008f500000, 0x000000008f600000, 0x000000008f600000|100%| E|CS|TAMS 0x000000008f500000, 0x000000008f500000| Complete 

Card table byte_map: [0x0000019f145b0000,0x0000019f149b0000] _byte_map_base: 0x0000019f141b0000

Marking Bits (Prev, Next): (CMBitMap*) 0x0000019f7f5bc550, (CMBitMap*) 0x0000019f7f5bc590
 Prev Bits: [0x0000019f14db0000, 0x0000019f16db0000)
 Next Bits: [0x0000019f16db0000, 0x0000019f18db0000)

Polling page: 0x0000019f7f110000

Metaspace:

Usage:
  Non-class:     59.23 MB used.
      Class:      8.79 MB used.
       Both:     68.02 MB used.

Virtual space:
  Non-class space:       64.00 MB reserved,      59.50 MB ( 93%) committed,  8 nodes.
      Class space:        1.00 GB reserved,       9.00 MB ( <1%) committed,  1 nodes.
             Both:        1.06 GB reserved,      68.50 MB (  6%) committed. 

Chunk freelists:
   Non-Class:  304.00 KB
       Class:  2.89 MB
        Both:  3.19 MB

MaxMetaspaceSize: unlimited
CompressedClassSpaceSize: 1.00 GB
Initial GC threshold: 21.00 MB
Current GC threshold: 113.12 MB
CDS: off
MetaspaceReclaimPolicy: balanced
 - commit_granule_bytes: 65536.
 - commit_granule_words: 8192.
 - virtual_space_node_default_size: 1048576.
 - enlarge_chunks_in_place: 1.
 - new_chunks_are_fully_committed: 0.
 - uncommit_free_chunks: 1.
 - use_allocation_guard: 0.
 - handle_deallocations: 1.


Internal statistics:

num_allocs_failed_limit: 8.
num_arena_births: 554.
num_arena_deaths: 0.
num_vsnodes_births: 9.
num_vsnodes_deaths: 0.
num_space_committed: 1096.
num_space_uncommitted: 0.
num_chunks_returned_to_freelist: 8.
num_chunks_taken_from_freelist: 2845.
num_chunk_merges: 0.
num_chunk_splits: 1930.
num_chunks_enlarged: 1347.
num_purges: 0.
num_inconsistent_stats: 0.

CodeHeap 'non-profiled nmethods': size=119168Kb used=3835Kb max_used=3835Kb free=115332Kb
 bounds [0x0000019f0c3b0000, 0x0000019f0c770000, 0x0000019f13810000]
CodeHeap 'profiled nmethods': size=119104Kb used=13658Kb max_used=13658Kb free=105445Kb
 bounds [0x0000019f04810000, 0x0000019f05570000, 0x0000019f0bc60000]
CodeHeap 'non-nmethods': size=7488Kb used=4040Kb max_used=4081Kb free=3447Kb
 bounds [0x0000019f0bc60000, 0x0000019f0c070000, 0x0000019f0c3b0000]
 total_blobs=7754 nmethods=6877 adapters=786
 compilation: enabled
              stopped_count=0, restarted_count=0
 full_count=0

Compilation events (20 events):
Event: 6.633 Thread 0x0000019f1c8f0ca0 7675       3       com.google.common.cache.CacheBuilder$1::recordLoadSuccess (1 bytes)
Event: 6.633 Thread 0x0000019f1ca4c600 7676       3       com.google.common.cache.LocalCache$Segment::getLiveValue (61 bytes)
Event: 6.633 Thread 0x0000019f1c8f0ca0 nmethod 7675 0x0000019f0555fb10 code [0x0000019f0555fca0, 0x0000019f0555fdb8]
Event: 6.633 Thread 0x0000019f1c8f0ca0 7677       3       sun.net.www.protocol.jar.JarURLConnection::getUseCaches (8 bytes)
Event: 6.633 Thread 0x0000019f1ca513f0 7678   !   3       org.gradle.api.internal.plugins.DefaultPluginRegistry::uncheckedGet (17 bytes)
Event: 6.633 Thread 0x0000019f1c8f0ca0 nmethod 7677 0x0000019f0555fe90 code [0x0000019f05560040, 0x0000019f05560208]
Event: 6.633 Thread 0x0000019f1c8f0ca0 7679       3       java.net.URLConnection::setUseCaches (10 bytes)
Event: 6.633 Thread 0x0000019f1cff1e60 7680       3       java.net.URLConnection::checkConnected (19 bytes)
Event: 6.634 Thread 0x0000019f1cff1e60 nmethod 7680 0x0000019f05560310 code [0x0000019f055604c0, 0x0000019f055606e8]
Event: 6.634 Thread 0x0000019f1ca513f0 nmethod 7678 0x0000019f05560810 code [0x0000019f05560a00, 0x0000019f05560f38]
Event: 6.634 Thread 0x0000019f1cff1e60 7681       1       java.net.JarURLConnection::getEntryName (5 bytes)
Event: 6.634 Thread 0x0000019f1c8f0ca0 nmethod 7679 0x0000019f05561190 code [0x0000019f05561340, 0x0000019f055615c8]
Event: 6.634 Thread 0x0000019f1cff1e60 nmethod 7681 0x0000019f0c765b90 code [0x0000019f0c765d20, 0x0000019f0c765df8]
Event: 6.634 Thread 0x0000019f1c8f0ca0 7682       3       org.gradle.plugin.use.internal.DefaultPluginId::isQualified (10 bytes)
Event: 6.634 Thread 0x0000019f1cff1e60 7683       3       org.gradle.api.internal.plugins.DefaultPluginRegistry$PluginIdLookupCacheKey::<init> (15 bytes)
Event: 6.634 Thread 0x0000019f1ca513f0 7684       3       org.gradle.api.internal.plugins.DefaultPluginRegistry$PluginIdLookupCacheKey::hashCode (23 bytes)
Event: 6.634 Thread 0x0000019f1ca4c600 nmethod 7676 0x0000019f05561710 code [0x0000019f05561b40, 0x0000019f05563bf8]
Event: 6.634 Thread 0x0000019f1cff1e60 nmethod 7683 0x0000019f05564610 code [0x0000019f055647c0, 0x0000019f055649d8]
Event: 6.634 Thread 0x0000019f1ca513f0 nmethod 7684 0x0000019f05564a90 code [0x0000019f05564c40, 0x0000019f05564ef8]
Event: 6.635 Thread 0x0000019f1c8f0ca0 nmethod 7682 0x0000019f05565010 code [0x0000019f055651c0, 0x0000019f05565428]

GC Heap History (20 events):
Event: 4.513 GC heap before
{Heap before GC invocations=11 (full 0):
 garbage-first heap   total 98304K, used 71429K [0x0000000080000000, 0x0000000100000000)
  region size 1024K, 41 young (41984K), 3 survivors (3072K)
 Metaspace       used 49318K, committed 49664K, reserved 1097728K
  class space    used 6453K, committed 6592K, reserved 1048576K
}
Event: 4.517 GC heap after
{Heap after GC invocations=12 (full 0):
 garbage-first heap   total 98304K, used 35077K [0x0000000080000000, 0x0000000100000000)
  region size 1024K, 6 young (6144K), 6 survivors (6144K)
 Metaspace       used 49318K, committed 49664K, reserved 1097728K
  class space    used 6453K, committed 6592K, reserved 1048576K
}
Event: 5.000 GC heap before
{Heap before GC invocations=12 (full 0):
 garbage-first heap   total 98304K, used 80133K [0x0000000080000000, 0x0000000100000000)
  region size 1024K, 43 young (44032K), 6 survivors (6144K)
 Metaspace       used 50840K, committed 51264K, reserved 1097728K
  class space    used 6664K, committed 6848K, reserved 1048576K
}
Event: 5.004 GC heap after
{Heap after GC invocations=13 (full 0):
 garbage-first heap   total 98304K, used 51970K [0x0000000080000000, 0x0000000100000000)
  region size 1024K, 6 young (6144K), 6 survivors (6144K)
 Metaspace       used 50840K, committed 51264K, reserved 1097728K
  class space    used 6664K, committed 6848K, reserved 1048576K
}
Event: 5.255 GC heap before
{Heap before GC invocations=13 (full 0):
 garbage-first heap   total 98304K, used 73474K [0x0000000080000000, 0x0000000100000000)
  region size 1024K, 27 young (27648K), 6 survivors (6144K)
 Metaspace       used 54332K, committed 54848K, reserved 1097728K
  class space    used 7093K, committed 7360K, reserved 1048576K
}
Event: 5.258 GC heap after
{Heap after GC invocations=14 (full 0):
 garbage-first heap   total 98304K, used 53278K [0x0000000080000000, 0x0000000100000000)
  region size 1024K, 2 young (2048K), 2 survivors (2048K)
 Metaspace       used 54332K, committed 54848K, reserved 1097728K
  class space    used 7093K, committed 7360K, reserved 1048576K
}
Event: 5.574 GC heap before
{Heap before GC invocations=15 (full 0):
 garbage-first heap   total 98304K, used 75806K [0x0000000080000000, 0x0000000100000000)
  region size 1024K, 24 young (24576K), 2 survivors (2048K)
 Metaspace       used 58756K, committed 59200K, reserved 1105920K
  class space    used 7599K, committed 7808K, reserved 1048576K
}
Event: 5.576 GC heap after
{Heap after GC invocations=16 (full 0):
 garbage-first heap   total 98304K, used 53955K [0x0000000080000000, 0x0000000100000000)
  region size 1024K, 2 young (2048K), 2 survivors (2048K)
 Metaspace       used 58756K, committed 59200K, reserved 1105920K
  class space    used 7599K, committed 7808K, reserved 1048576K
}
Event: 5.867 GC heap before
{Heap before GC invocations=16 (full 0):
 garbage-first heap   total 98304K, used 76483K [0x0000000080000000, 0x0000000100000000)
  region size 1024K, 25 young (25600K), 2 survivors (2048K)
 Metaspace       used 62642K, committed 63168K, reserved 1105920K
  class space    used 8121K, committed 8384K, reserved 1048576K
}
Event: 5.882 GC heap after
{Heap after GC invocations=17 (full 0):
 garbage-first heap   total 98304K, used 58981K [0x0000000080000000, 0x0000000100000000)
  region size 1024K, 4 young (4096K), 4 survivors (4096K)
 Metaspace       used 62642K, committed 63168K, reserved 1105920K
  class space    used 8121K, committed 8384K, reserved 1048576K
}
Event: 6.058 GC heap before
{Heap before GC invocations=18 (full 0):
 garbage-first heap   total 104448K, used 76389K [0x0000000080000000, 0x0000000100000000)
  region size 1024K, 21 young (21504K), 4 survivors (4096K)
 Metaspace       used 64558K, committed 65024K, reserved 1105920K
  class space    used 8363K, committed 8576K, reserved 1048576K
}
Event: 6.061 GC heap after
{Heap after GC invocations=19 (full 0):
 garbage-first heap   total 104448K, used 59926K [0x0000000080000000, 0x0000000100000000)
  region size 1024K, 2 young (2048K), 2 survivors (2048K)
 Metaspace       used 64558K, committed 65024K, reserved 1105920K
  class space    used 8363K, committed 8576K, reserved 1048576K
}
Event: 6.152 GC heap before
{Heap before GC invocations=19 (full 0):
 garbage-first heap   total 104448K, used 68118K [0x0000000080000000, 0x0000000100000000)
  region size 1024K, 12 young (12288K), 2 survivors (2048K)
 Metaspace       used 65526K, committed 65984K, reserved 1114112K
  class space    used 8461K, committed 8704K, reserved 1048576K
}
Event: 6.154 GC heap after
{Heap after GC invocations=20 (full 0):
 garbage-first heap   total 104448K, used 60820K [0x0000000080000000, 0x0000000100000000)
  region size 1024K, 3 young (3072K), 3 survivors (3072K)
 Metaspace       used 65526K, committed 65984K, reserved 1114112K
  class space    used 8461K, committed 8704K, reserved 1048576K
}
Event: 6.424 GC heap before
{Heap before GC invocations=21 (full 0):
 garbage-first heap   total 111616K, used 83348K [0x0000000080000000, 0x0000000100000000)
  region size 1024K, 24 young (24576K), 3 survivors (3072K)
 Metaspace       used 68035K, committed 68544K, reserved 1114112K
  class space    used 8798K, committed 9024K, reserved 1048576K
}
Event: 6.426 GC heap after
{Heap after GC invocations=22 (full 0):
 garbage-first heap   total 111616K, used 61397K [0x0000000080000000, 0x0000000100000000)
  region size 1024K, 2 young (2048K), 2 survivors (2048K)
 Metaspace       used 68035K, committed 68544K, reserved 1114112K
  class space    used 8798K, committed 9024K, reserved 1048576K
}
Event: 6.460 GC heap before
{Heap before GC invocations=22 (full 0):
 garbage-first heap   total 111616K, used 64469K [0x0000000080000000, 0x0000000100000000)
  region size 1024K, 5 young (5120K), 2 survivors (2048K)
 Metaspace       used 68266K, committed 68736K, reserved 1114112K
  class space    used 8812K, committed 9024K, reserved 1048576K
}
Event: 6.462 GC heap after
{Heap after GC invocations=23 (full 0):
 garbage-first heap   total 111616K, used 61821K [0x0000000080000000, 0x0000000100000000)
  region size 1024K, 1 young (1024K), 1 survivors (1024K)
 Metaspace       used 68266K, committed 68736K, reserved 1114112K
  class space    used 8812K, committed 9024K, reserved 1048576K
}
Event: 6.608 GC heap before
{Heap before GC invocations=23 (full 0):
 garbage-first heap   total 111616K, used 89469K [0x0000000080000000, 0x0000000100000000)
  region size 1024K, 28 young (28672K), 1 survivors (1024K)
 Metaspace       used 68856K, committed 69376K, reserved 1114112K
  class space    used 8904K, committed 9152K, reserved 1048576K
}
Event: 6.610 GC heap after
{Heap after GC invocations=24 (full 0):
 garbage-first heap   total 111616K, used 65122K [0x0000000080000000, 0x0000000100000000)
  region size 1024K, 4 young (4096K), 4 survivors (4096K)
 Metaspace       used 68856K, committed 69376K, reserved 1114112K
  class space    used 8904K, committed 9152K, reserved 1048576K
}

Dll operation events (2 events):
Event: 0.009 Loaded shared library D:\work\soft\androidstudio\jbr\bin\java.dll
Event: 0.355 Loaded shared library D:\work\soft\androidstudio\jbr\bin\verify.dll

Deoptimization events (20 events):
Event: 6.560 Thread 0x0000019f1e454a80 Uncommon trap: trap_request=0xffffffc6 fr.pc=0x0000019f0c756518 relative=0x0000000000000538
Event: 6.560 Thread 0x0000019f1e454a80 Uncommon trap: reason=bimorphic_or_optimized_type_check action=maybe_recompile pc=0x0000019f0c756518 method=org.codehaus.groovy.util.SingleKeyHashMap.get(Ljava/lang/Object;)Ljava/lang/Object; @ 1 c2
Event: 6.560 Thread 0x0000019f1e454a80 DEOPT PACKING pc=0x0000019f0c756518 sp=0x00000011cf7f22a0
Event: 6.560 Thread 0x0000019f1e454a80 DEOPT UNPACKING pc=0x0000019f0bcb69a3 sp=0x00000011cf7f2250 mode 2
Event: 6.560 Thread 0x0000019f1e454a80 Uncommon trap: trap_request=0xffffffc6 fr.pc=0x0000019f0c756518 relative=0x0000000000000538
Event: 6.560 Thread 0x0000019f1e454a80 Uncommon trap: reason=bimorphic_or_optimized_type_check action=maybe_recompile pc=0x0000019f0c756518 method=org.codehaus.groovy.util.SingleKeyHashMap.get(Ljava/lang/Object;)Ljava/lang/Object; @ 1 c2
Event: 6.560 Thread 0x0000019f1e454a80 DEOPT PACKING pc=0x0000019f0c756518 sp=0x00000011cf7f1fe0
Event: 6.560 Thread 0x0000019f1e454a80 DEOPT UNPACKING pc=0x0000019f0bcb69a3 sp=0x00000011cf7f1f90 mode 2
Event: 6.560 Thread 0x0000019f1e454a80 Uncommon trap: trap_request=0xffffffc6 fr.pc=0x0000019f0c756518 relative=0x0000000000000538
Event: 6.560 Thread 0x0000019f1e454a80 Uncommon trap: reason=bimorphic_or_optimized_type_check action=maybe_recompile pc=0x0000019f0c756518 method=org.codehaus.groovy.util.SingleKeyHashMap.get(Ljava/lang/Object;)Ljava/lang/Object; @ 1 c2
Event: 6.560 Thread 0x0000019f1e454a80 DEOPT PACKING pc=0x0000019f0c756518 sp=0x00000011cf7f1d20
Event: 6.560 Thread 0x0000019f1e454a80 DEOPT UNPACKING pc=0x0000019f0bcb69a3 sp=0x00000011cf7f1cd0 mode 2
Event: 6.616 Thread 0x0000019f1e454a80 Uncommon trap: trap_request=0xfffffff4 fr.pc=0x0000019f0c68b40c relative=0x000000000000072c
Event: 6.616 Thread 0x0000019f1e454a80 Uncommon trap: reason=null_check action=make_not_entrant pc=0x0000019f0c68b40c method=org.gradle.util.internal.SimpleMapInterner.intern(Ljava/lang/Object;)Ljava/lang/Object; @ 2 c2
Event: 6.616 Thread 0x0000019f1e454a80 DEOPT PACKING pc=0x0000019f0c68b40c sp=0x00000011cf7f7500
Event: 6.616 Thread 0x0000019f1e454a80 DEOPT UNPACKING pc=0x0000019f0bcb69a3 sp=0x00000011cf7f74c8 mode 2
Event: 6.616 Thread 0x0000019f1e454a80 Uncommon trap: trap_request=0xffffff45 fr.pc=0x0000019f0c68c6b4 relative=0x00000000000006d4
Event: 6.616 Thread 0x0000019f1e454a80 Uncommon trap: reason=unstable_if action=reinterpret pc=0x0000019f0c68c6b4 method=org.gradle.util.internal.SimpleMapInterner.intern(Ljava/lang/String;)Ljava/lang/String; @ 1 c2
Event: 6.616 Thread 0x0000019f1e454a80 DEOPT PACKING pc=0x0000019f0c68c6b4 sp=0x00000011cf7f7490
Event: 6.616 Thread 0x0000019f1e454a80 DEOPT UNPACKING pc=0x0000019f0bcb69a3 sp=0x00000011cf7f7458 mode 2

Classes unloaded (0 events):
No events

Classes redefined (0 events):
No events

Internal exceptions (20 events):
Event: 6.587 Thread 0x0000019f1e454a80 Exception <a 'java/lang/ClassNotFoundException'{0x00000000857b8640}: com/android/build/gradle/internal/dsl/BuildTypeCustomizer> (0x00000000857b8640) 
thrown [s\src\hotspot\share\classfile\systemDictionary.cpp, line 256]
Event: 6.588 Thread 0x0000019f1e454a80 Exception <a 'java/lang/ClassNotFoundException'{0x000000008563ba20}: com/android/build/gradle/internal/dsl/BuildType_DecoratedCustomizer> (0x000000008563ba20) 
thrown [s\src\hotspot\share\classfile\systemDictionary.cpp, line 256]
Event: 6.591 Thread 0x0000019f1e454a80 Exception <a 'java/lang/ClassNotFoundException'{0x00000000856ffd28}: build_8c2k0pqmxuhfwvksezq2exoji$_run_closure1$_closure4BeanInfo> (0x00000000856ffd28) 
thrown [s\src\hotspot\share\classfile\systemDictionary.cpp, line 256]
Event: 6.592 Thread 0x0000019f1e454a80 Exception <a 'java/lang/ClassNotFoundException'{0x0000000085509cd8}: build_8c2k0pqmxuhfwvksezq2exoji$_run_closure1$_closure4Customizer> (0x0000000085509cd8) 
thrown [s\src\hotspot\share\classfile\systemDictionary.cpp, line 256]
Event: 6.592 Thread 0x0000019f1e454a80 Exception <a 'java/lang/ClassNotFoundException'{0x000000008552c928}: build_8c2k0pqmxuhfwvksezq2exoji$_run_closure1BeanInfo> (0x000000008552c928) 
thrown [s\src\hotspot\share\classfile\systemDictionary.cpp, line 256]
Event: 6.593 Thread 0x0000019f1e454a80 Exception <a 'java/lang/ClassNotFoundException'{0x0000000085536348}: build_8c2k0pqmxuhfwvksezq2exoji$_run_closure1Customizer> (0x0000000085536348) 
thrown [s\src\hotspot\share\classfile\systemDictionary.cpp, line 256]
Event: 6.596 Thread 0x0000019f1e454a80 Exception <a 'java/lang/ClassNotFoundException'{0x0000000085592bb0}: com/android/build/gradle/internal/dsl/ApplicationBuildFeaturesImpl_DecoratedBeanInfo> (0x0000000085592bb0) 
thrown [s\src\hotspot\share\classfile\systemDictionary.cpp, line 256]
Event: 6.596 Thread 0x0000019f1e454a80 Exception <a 'java/lang/ClassNotFoundException'{0x000000008559d9e0}: com/android/build/gradle/internal/dsl/ApplicationBuildFeaturesImplBeanInfo> (0x000000008559d9e0) 
thrown [s\src\hotspot\share\classfile\systemDictionary.cpp, line 256]
Event: 6.596 Thread 0x0000019f1e454a80 Exception <a 'java/lang/ClassNotFoundException'{0x00000000855a86f8}: com/android/build/gradle/internal/dsl/BuildFeaturesImplBeanInfo> (0x00000000855a86f8) 
thrown [s\src\hotspot\share\classfile\systemDictionary.cpp, line 256]
Event: 6.597 Thread 0x0000019f1e454a80 Exception <a 'java/lang/ClassNotFoundException'{0x00000000855b3428}: com/android/build/gradle/internal/dsl/BuildFeaturesImplCustomizer> (0x00000000855b3428) 
thrown [s\src\hotspot\share\classfile\systemDictionary.cpp, line 256]
Event: 6.598 Thread 0x0000019f1e454a80 Exception <a 'java/lang/ClassNotFoundException'{0x00000000855c9d58}: com/android/build/gradle/internal/dsl/ApplicationBuildFeaturesImplCustomizer> (0x00000000855c9d58) 
thrown [s\src\hotspot\share\classfile\systemDictionary.cpp, line 256]
Event: 6.598 Thread 0x0000019f1e454a80 Exception <a 'java/lang/ClassNotFoundException'{0x00000000855dab40}: com/android/build/gradle/internal/dsl/ApplicationBuildFeaturesImpl_DecoratedCustomizer> (0x00000000855dab40) 
thrown [s\src\hotspot\share\classfile\systemDictionary.cpp, line 256]
Event: 6.602 Thread 0x0000019f1e454a80 Exception <a 'java/lang/ClassNotFoundException'{0x00000000854ce618}: groovy/lang/GString$1BeanInfo> (0x00000000854ce618) 
thrown [s\src\hotspot\share\classfile\systemDictionary.cpp, line 256]
Event: 6.603 Thread 0x0000019f1e454a80 Exception <a 'java/lang/ClassNotFoundException'{0x00000000854f3de0}: groovy/lang/GStringBeanInfo> (0x00000000854f3de0) 
thrown [s\src\hotspot\share\classfile\systemDictionary.cpp, line 256]
Event: 6.603 Thread 0x0000019f1e454a80 Exception <a 'java/lang/ClassNotFoundException'{0x0000000085319a88}: groovy/lang/GStringCustomizer> (0x0000000085319a88) 
thrown [s\src\hotspot\share\classfile\systemDictionary.cpp, line 256]
Event: 6.604 Thread 0x0000019f1e454a80 Exception <a 'java/lang/ClassNotFoundException'{0x0000000085349798}: groovy/lang/GString$1Customizer> (0x0000000085349798) 
thrown [s\src\hotspot\share\classfile\systemDictionary.cpp, line 256]
Event: 6.612 Thread 0x0000019f1e454a80 Exception <a 'java/lang/ClassNotFoundException'{0x000000008f5db948}: org/codehaus/groovy/runtime/GStringImplBeanInfo> (0x000000008f5db948) 
thrown [s\src\hotspot\share\classfile\systemDictionary.cpp, line 256]
Event: 6.614 Thread 0x0000019f1e454a80 Exception <a 'java/lang/ClassNotFoundException'{0x000000008c47a0e8}: org/codehaus/groovy/runtime/GStringImplCustomizer> (0x000000008c47a0e8) 
thrown [s\src\hotspot\share\classfile\systemDictionary.cpp, line 256]
Event: 6.616 Thread 0x0000019f1e454a80 Implicit null exception at 0x0000019f0c68ad12 to 0x0000019f0c68b3fc
Event: 6.616 Thread 0x0000019f1e454a80 Implicit null exception at 0x0000019f0c68c014 to 0x0000019f0c68c69c

VM Operations (20 events):
Event: 5.908 Executing VM operation: G1Concurrent
Event: 5.908 Executing VM operation: G1Concurrent done
Event: 6.058 Executing VM operation: G1CollectForAllocation
Event: 6.061 Executing VM operation: G1CollectForAllocation done
Event: 6.152 Executing VM operation: G1TryInitiateConcMark
Event: 6.154 Executing VM operation: G1TryInitiateConcMark done
Event: 6.180 Executing VM operation: G1Concurrent
Event: 6.182 Executing VM operation: G1Concurrent done
Event: 6.191 Executing VM operation: G1Concurrent
Event: 6.192 Executing VM operation: G1Concurrent done
Event: 6.253 Executing VM operation: HandshakeAllThreads
Event: 6.254 Executing VM operation: HandshakeAllThreads done
Event: 6.424 Executing VM operation: G1CollectForAllocation
Event: 6.426 Executing VM operation: G1CollectForAllocation done
Event: 6.460 Executing VM operation: G1CollectForAllocation
Event: 6.462 Executing VM operation: G1CollectForAllocation done
Event: 6.608 Executing VM operation: G1CollectForAllocation
Event: 6.611 Executing VM operation: G1CollectForAllocation done
Event: 6.637 Executing VM operation: G1Concurrent
Event: 6.641 Executing VM operation: G1Concurrent done

Events (20 events):
Event: 6.252 loading class java/net/SocketTimeoutException done
Event: 6.270 loading class org/xml/sax/ContentHandler
Event: 6.270 loading class org/xml/sax/ContentHandler done
Event: 6.270 loading class org/xml/sax/DTDHandler
Event: 6.270 loading class org/xml/sax/DTDHandler done
Event: 6.275 loading class java/util/Spliterators$IntArraySpliterator
Event: 6.275 loading class java/util/Spliterators$IntArraySpliterator done
Event: 6.277 loading class java/text/ParsePosition
Event: 6.277 loading class java/text/ParsePosition done
Event: 6.282 loading class java/text/CharacterIterator
Event: 6.282 loading class java/text/CharacterIterator done
Event: 6.316 loading class java/time/format/DateTimeFormatterBuilder$WeekBasedFieldPrinterParser
Event: 6.316 loading class java/time/format/DateTimeFormatterBuilder$WeekBasedFieldPrinterParser done
Event: 6.328 loading class com/sun/jmx/mbeanserver/StandardMBeanSupport
Event: 6.328 loading class com/sun/jmx/mbeanserver/StandardMBeanSupport done
Event: 6.328 loading class com/sun/jmx/mbeanserver/StandardMBeanIntrospector
Event: 6.328 loading class com/sun/jmx/mbeanserver/StandardMBeanIntrospector done
Event: 6.545 loading class java/beans/IntrospectionException
Event: 6.545 loading class java/beans/IntrospectionException done
Event: 6.590 Thread 0x0000019f21da1b30 Thread added: 0x0000019f21da1b30


Dynamic libraries:
0x00007ff6fb680000 - 0x00007ff6fb68a000 	D:\work\soft\androidstudio\jbr\bin\java.exe
0x00007ffe14130000 - 0x00007ffe14347000 	C:\WINDOWS\SYSTEM32\ntdll.dll
0x00007ffe13820000 - 0x00007ffe138e4000 	C:\WINDOWS\System32\KERNEL32.DLL
0x00007ffe11ae0000 - 0x00007ffe11e86000 	C:\WINDOWS\System32\KERNELBASE.dll
0x00007ffe11900000 - 0x00007ffe11a11000 	C:\WINDOWS\System32\ucrtbase.dll
0x00007ffe09c60000 - 0x00007ffe09c77000 	D:\work\soft\androidstudio\jbr\bin\jli.dll
0x00007ffe0f140000 - 0x00007ffe0f15b000 	D:\work\soft\androidstudio\jbr\bin\VCRUNTIME140.dll
0x00007ffe123e0000 - 0x00007ffe1258d000 	C:\WINDOWS\System32\USER32.dll
0x00007ffe11530000 - 0x00007ffe11556000 	C:\WINDOWS\System32\win32u.dll
0x00007ffdfafe0000 - 0x00007ffdfb273000 	C:\WINDOWS\WinSxS\amd64_microsoft.windows.common-controls_6595b64144ccf1df_6.0.22621.2361_none_2712ced57382f843\COMCTL32.dll
0x00007ffe13bc0000 - 0x00007ffe13be9000 	C:\WINDOWS\System32\GDI32.dll
0x00007ffe115d0000 - 0x00007ffe116e8000 	C:\WINDOWS\System32\gdi32full.dll
0x00007ffe12ff0000 - 0x00007ffe13097000 	C:\WINDOWS\System32\msvcrt.dll
0x00007ffe11860000 - 0x00007ffe118fa000 	C:\WINDOWS\System32\msvcp_win.dll
0x00007ffe13120000 - 0x00007ffe13151000 	C:\WINDOWS\System32\IMM32.DLL
0x0000000072500000 - 0x000000007250c000 	D:\360soft\360Safe\safemon\SafeWrapper.dll
0x00007ffe13b10000 - 0x00007ffe13bc0000 	C:\WINDOWS\System32\ADVAPI32.dll
0x00007ffe13a60000 - 0x00007ffe13b06000 	C:\WINDOWS\System32\sechost.dll
0x00007ffe12e80000 - 0x00007ffe12f97000 	C:\WINDOWS\System32\RPCRT4.dll
0x00007ffdf8860000 - 0x00007ffdf890c000 	D:\360soft\360Safe\safemon\libzdtp64.dll
0x00007ffe12620000 - 0x00007ffe12e78000 	C:\WINDOWS\System32\SHELL32.dll
0x00007ffe13f70000 - 0x00007ffe13fce000 	C:\WINDOWS\System32\SHLWAPI.dll
0x00007ffe11110000 - 0x00007ffe1111a000 	C:\WINDOWS\SYSTEM32\VERSION.dll
0x00007ffe0f190000 - 0x00007ffe0f19c000 	D:\work\soft\androidstudio\jbr\bin\vcruntime140_1.dll
0x00007ffde90b0000 - 0x00007ffde913d000 	D:\work\soft\androidstudio\jbr\bin\msvcp140.dll
0x00007ffddeb50000 - 0x00007ffddf7be000 	D:\work\soft\androidstudio\jbr\bin\server\jvm.dll
0x00007ffdfd930000 - 0x00007ffdfd939000 	C:\WINDOWS\SYSTEM32\WSOCK32.dll
0x00007ffe0eeb0000 - 0x00007ffe0eee4000 	C:\WINDOWS\SYSTEM32\WINMM.dll
0x00007ffe136e0000 - 0x00007ffe13751000 	C:\WINDOWS\System32\WS2_32.dll
0x00007ffe104d0000 - 0x00007ffe104e8000 	C:\WINDOWS\SYSTEM32\kernel.appcore.dll
0x00007ffe0f070000 - 0x00007ffe0f07a000 	D:\work\soft\androidstudio\jbr\bin\jimage.dll
0x00007ffe0ec80000 - 0x00007ffe0eeae000 	C:\WINDOWS\SYSTEM32\DBGHELP.DLL
0x00007ffe12050000 - 0x00007ffe123da000 	C:\WINDOWS\System32\combase.dll
0x00007ffe13c60000 - 0x00007ffe13d37000 	C:\WINDOWS\System32\OLEAUT32.dll
0x00007ffe0ec40000 - 0x00007ffe0ec72000 	C:\WINDOWS\SYSTEM32\dbgcore.DLL
0x00007ffe114b0000 - 0x00007ffe1152a000 	C:\WINDOWS\System32\bcryptPrimitives.dll
0x00007ffe0df10000 - 0x00007ffe0df35000 	D:\work\soft\androidstudio\jbr\bin\java.dll
0x00007ffe0bb90000 - 0x00007ffe0bba8000 	D:\work\soft\androidstudio\jbr\bin\zip.dll
0x00007ffe0f360000 - 0x00007ffe0fc52000 	C:\WINDOWS\SYSTEM32\windows.storage.dll
0x00007ffe0f220000 - 0x00007ffe0f35e000 	C:\WINDOWS\SYSTEM32\wintypes.dll
0x00007ffe135e0000 - 0x00007ffe136d3000 	C:\WINDOWS\System32\SHCORE.dll
0x00007ffe113e0000 - 0x00007ffe11406000 	C:\WINDOWS\SYSTEM32\profapi.dll
0x00007ffe0b180000 - 0x00007ffe0b199000 	D:\work\soft\androidstudio\jbr\bin\net.dll
0x00007ffe0b910000 - 0x00007ffe0ba47000 	C:\WINDOWS\SYSTEM32\WINHTTP.dll
0x00007ffdf0580000 - 0x00007ffdf0862000 	C:\Windows\Netease\Booster\lsp64.dll
0x00007ffe116f0000 - 0x00007ffe11856000 	C:\WINDOWS\System32\CRYPT32.dll
0x00007ffe0ff70000 - 0x00007ffe0ff9d000 	C:\WINDOWS\SYSTEM32\IPHLPAPI.DLL
0x00007ffe109a0000 - 0x00007ffe10a09000 	C:\WINDOWS\system32\mswsock.dll
0x00007ffe11560000 - 0x00007ffe115cc000 	C:\WINDOWS\System32\WINTRUST.DLL
0x00007ffe10d10000 - 0x00007ffe10d22000 	C:\WINDOWS\SYSTEM32\MSASN1.dll
0x00007ffe138f0000 - 0x00007ffe1390f000 	C:\WINDOWS\System32\imagehlp.dll
0x00007ffe10cc0000 - 0x00007ffe10cdb000 	C:\WINDOWS\SYSTEM32\CRYPTSP.dll
0x00007ffe10490000 - 0x00007ffe104c5000 	C:\WINDOWS\system32\rsaenh.dll
0x00007ffe10ca0000 - 0x00007ffe10cac000 	C:\WINDOWS\SYSTEM32\CRYPTBASE.dll
0x00007ffe10e00000 - 0x00007ffe10e28000 	C:\WINDOWS\SYSTEM32\bcrypt.dll
0x00007ffe0aba0000 - 0x00007ffe0abb6000 	D:\work\soft\androidstudio\jbr\bin\nio.dll
0x00007ffe0f020000 - 0x00007ffe0f030000 	D:\work\soft\androidstudio\jbr\bin\verify.dll
0x00007ffe02cc0000 - 0x00007ffe02ce7000 	C:\Users\jntm\.gradle\native\e1d6ef7f7dcc3fd88c89a11ec53ec762bb8ba0a96d01ffa2cd45eb1d1d8dd5c5\windows-amd64\native-platform.dll
0x00007ffde6630000 - 0x00007ffde6774000 	C:\Users\jntm\.gradle\native\5664cfc778a61ccfe75a443a1ab52a65af34e5dc3c78e0209fed803814484fcb\windows-amd64\native-platform-file-events.dll
0x00007ffe0c260000 - 0x00007ffe0c269000 	D:\work\soft\androidstudio\jbr\bin\management.dll
0x00007ffe0c220000 - 0x00007ffe0c22b000 	D:\work\soft\androidstudio\jbr\bin\management_ext.dll
0x00007ffe13810000 - 0x00007ffe13818000 	C:\WINDOWS\System32\PSAPI.DLL
0x00007ffe10a40000 - 0x00007ffe10a6c000 	C:\WINDOWS\SYSTEM32\USERENV.dll
0x00007ffe11ea0000 - 0x00007ffe11ea9000 	C:\WINDOWS\System32\NSI.dll
0x00007ffe09e40000 - 0x00007ffe09e59000 	C:\WINDOWS\SYSTEM32\dhcpcsvc6.DLL
0x00007ffe09e20000 - 0x00007ffe09e3f000 	C:\WINDOWS\SYSTEM32\dhcpcsvc.DLL
0x00007ffe0ffa0000 - 0x00007ffe10099000 	C:\WINDOWS\SYSTEM32\DNSAPI.dll
0x00007ffdfbdc0000 - 0x00007ffdfbdc8000 	C:\WINDOWS\system32\wshunix.dll

dbghelp: loaded successfully - version: 4.0.5 - missing functions: none
symbol engine: initialized successfully - sym options: 0x614 - pdb path: .;D:\work\soft\androidstudio\jbr\bin;C:\WINDOWS\SYSTEM32;C:\WINDOWS\WinSxS\amd64_microsoft.windows.common-controls_6595b64144ccf1df_6.0.22621.2361_none_2712ced57382f843;D:\360soft\360Safe\safemon;D:\work\soft\androidstudio\jbr\bin\server;C:\Windows\Netease\Booster;C:\Users\jntm\.gradle\native\e1d6ef7f7dcc3fd88c89a11ec53ec762bb8ba0a96d01ffa2cd45eb1d1d8dd5c5\windows-amd64;C:\Users\jntm\.gradle\native\5664cfc778a61ccfe75a443a1ab52a65af34e5dc3c78e0209fed803814484fcb\windows-amd64

VM Arguments:
jvm_args: --add-opens=java.base/java.util=ALL-UNNAMED --add-opens=java.base/java.lang=ALL-UNNAMED --add-opens=java.base/java.lang.invoke=ALL-UNNAMED --add-opens=java.base/java.util=ALL-UNNAMED --add-opens=java.prefs/java.util.prefs=ALL-UNNAMED --add-opens=java.prefs/java.util.prefs=ALL-UNNAMED --add-opens=java.base/java.nio.charset=ALL-UNNAMED --add-opens=java.base/java.net=ALL-UNNAMED --add-opens=java.base/java.util.concurrent.atomic=ALL-UNNAMED -Xmx2048m -Dfile.encoding=UTF-8 -Duser.country=CN -Duser.language=zh -Duser.variant 
java_command: org.gradle.launcher.daemon.bootstrap.GradleDaemon 7.2
java_class_path (initial): C:\Users\jntm\.gradle\wrapper\dists\gradle-7.2-bin\2dnblmf4td7x66yl1d74lt32g\gradle-7.2\lib\gradle-launcher-7.2.jar
Launcher Type: SUN_STANDARD

[Global flags]
     intx CICompilerCount                          = 12                                        {product} {ergonomic}
     uint ConcGCThreads                            = 3                                         {product} {ergonomic}
     uint G1ConcRefinementThreads                  = 13                                        {product} {ergonomic}
   size_t G1HeapRegionSize                         = 1048576                                   {product} {ergonomic}
    uintx GCDrainStackTargetSize                   = 64                                        {product} {ergonomic}
   size_t InitialHeapSize                          = 257949696                                 {product} {ergonomic}
   size_t MarkStackSize                            = 4194304                                   {product} {ergonomic}
   size_t MaxHeapSize                              = 2147483648                                {product} {command line}
   size_t MaxNewSize                               = 1287651328                                {product} {ergonomic}
   size_t MinHeapDeltaBytes                        = 1048576                                   {product} {ergonomic}
   size_t MinHeapSize                              = 8388608                                   {product} {ergonomic}
    uintx NonNMethodCodeHeapSize                   = 7602480                                {pd product} {ergonomic}
    uintx NonProfiledCodeHeapSize                  = 122027880                              {pd product} {ergonomic}
    uintx ProfiledCodeHeapSize                     = 122027880                              {pd product} {ergonomic}
    uintx ReservedCodeCacheSize                    = 251658240                              {pd product} {ergonomic}
     bool SegmentedCodeCache                       = true                                      {product} {ergonomic}
   size_t SoftMaxHeapSize                          = 2147483648                             {manageable} {ergonomic}
     bool UseCompressedClassPointers               = true                           {product lp64_product} {ergonomic}
     bool UseCompressedOops                        = true                           {product lp64_product} {ergonomic}
     bool UseG1GC                                  = true                                      {product} {ergonomic}
     bool UseLargePagesIndividualAllocation        = false                                  {pd product} {ergonomic}

Logging:
Log output configuration:
 #0: stdout all=warning uptime,level,tags
 #1: stderr all=off uptime,level,tags

Environment Variables:
PATH=C:\Program Files (x86)\NVIDIA Corporation\PhysX\Common;C:\WINDOWS\system32;C:\WINDOWS;C:\WINDOWS\System32\Wbem;C:\WINDOWS\System32\WindowsPowerShell\v1.0\;C:\WINDOWS\System32\OpenSSH\;D:\work\soft\gitnew\Git\bin;D:\work\soft\sdk\bundle-tools;D:\work\soft\sdk\platform-tools;D:\work\soft\androidstudio\jbr\bin;D:\work\soft\flutter\flutter\bin;C:\Users\jntm\AppData\Local\Pub\Cache\bin;C:\Users\jntm\AppData\Local\Microsoft\WindowsApps;;D:\work\soft\VSCode\bin;D:\work\soft\DevEco Studio\bin;
USERNAME=jntm
OS=Windows_NT
PROCESSOR_IDENTIFIER=AMD64 Family 25 Model 80 Stepping 0, AuthenticAMD
TMP=C:\Users\jntm\AppData\Local\Temp
TEMP=C:\Users\jntm\AppData\Local\Temp


JNI global refs:
JNI global refs: 33, weak refs: 0

JNI global refs memory usage: 843, weak refs: 841


---------------  S Y S T E M  ---------------

OS:
 Windows 11 , 64 bit Build 22621 (10.0.22621.2428)
OS uptime: 2 days 21:51 hours
Hyper-V role detected

CPU: total 16 (initial active 16) (16 cores per cpu, 2 threads per core) family 25 model 80 stepping 0 microcode 0x0, cx8, cmov, fxsr, ht, mmx, 3dnowpref, sse, sse2, sse3, ssse3, sse4a, sse4.1, sse4.2, popcnt, lzcnt, tsc, tscinvbit, avx, avx2, aes, erms, clmul, bmi1, bmi2, adx, sha, fma, vzeroupper, clflush, clflushopt, hv

Memory: 4k page, system-wide physical 15724M (4695M free)
TotalPageFile size 34385M (AvailPageFile size 5M)
current process WorkingSet (physical memory assigned to process): 339M, peak: 339M
current process commit charge ("private bytes"): 390M, peak: 397M

vm_info: OpenJDK 64-Bit Server VM (17.0.6+0-b2043.56-10027231) for windows-amd64 JRE (17.0.6+0-b2043.56-10027231), built on Apr 28 2023 00:43:19 by "androidbuild" with MS VC++ 16.10 / 16.11 (VS2019)

END.
